{"level":"info","message":"Connection to Atlas successful","timestamp":"2023-12-13T03:39:58.233Z"}
{"level":"info","message":"Connection to Atlas successful","timestamp":"2023-12-13T03:40:10.828Z"}
{"level":"info","message":"App running on port 6900...","timestamp":"2023-12-13T03:40:24.396Z"}
{"level":"info","message":"Connection to Atlas successful","timestamp":"2023-12-13T03:40:24.970Z"}
{"level":"info","message":"App running on port 6900...","timestamp":"2023-12-13T03:40:32.704Z"}
{"level":"info","message":"Connection to Atlas successful","timestamp":"2023-12-13T03:40:33.215Z"}
{"level":"info","message":"App running on port 6900...","timestamp":"2023-12-13T03:43:00.305Z"}
{"level":"info","message":"Connection to Atlas successful","timestamp":"2023-12-13T03:43:01.063Z"}
{"level":"info","message":"App running on port 6900...","timestamp":"2023-12-13T03:43:06.429Z"}
{"level":"info","message":"Connection to Atlas successful","timestamp":"2023-12-13T03:43:06.988Z"}
{"level":"info","message":"App running on port 6900...","timestamp":"2023-12-13T10:44:23+07:00"}
{"level":"info","message":"Connection to Atlas successful","timestamp":"2023-12-13T10:44:24+07:00"}
{"level":"info","message":"App running on port 6900...","timestamp":"2023-12-13T12:22:50+07:00"}
{"level":"info","message":"Connection to Atlas successful","timestamp":"2023-12-13T12:22:52+07:00"}
{"level":"info","message":"App running on port 6900...","timestamp":"2023-12-13T12:24:09+07:00"}
{"level":"info","message":"Connection to Atlas successful","timestamp":"2023-12-13T12:24:10+07:00"}
{"level":"info","message":"App running on port 6900...","timestamp":"2023-12-13T12:25:10+07:00"}
{"level":"info","message":"Connection to Atlas successful","timestamp":"2023-12-13T12:25:11+07:00"}
{"level":"info","message":"App running on port 6900...","timestamp":"2023-12-13T12:25:25+07:00"}
{"level":"info","message":"Connection to Atlas successful","timestamp":"2023-12-13T12:25:25+07:00"}
{"level":"info","message":"App running on port 6900...","timestamp":"2023-12-13T12:25:36+07:00"}
{"level":"info","message":"Connection to Atlas successful","timestamp":"2023-12-13T12:25:37+07:00"}
{"level":"info","message":"App running on port 6900...","timestamp":"2023-12-13T12:26:06+07:00"}
{"level":"info","message":"Connection to Atlas successful","timestamp":"2023-12-13T12:26:07+07:00"}
{"level":"info","message":"App running on port 6900...","timestamp":"2023-12-13T12:26:14+07:00"}
{"level":"info","message":"Connection to Atlas successful","timestamp":"2023-12-13T12:26:15+07:00"}
{"level":"info","message":"App running on port 6900...","timestamp":"2023-12-13T12:26:38+07:00"}
{"level":"info","message":"Connection to Atlas successful","timestamp":"2023-12-13T12:26:38+07:00"}
{"level":"info","message":"App running on port 6900...","timestamp":"2023-12-13T12:27:14+07:00"}
{"level":"info","message":"Connection to Atlas successful","timestamp":"2023-12-13T12:27:15+07:00"}
{"level":"info","message":"App running on port 6900...","timestamp":"2023-12-13T12:28:05+07:00"}
{"level":"info","message":"Connection to Atlas successful","timestamp":"2023-12-13T12:28:05+07:00"}
{"level":"info","message":"App running on port 6900...","timestamp":"2023-12-13T12:39:55+07:00"}
{"level":"info","message":"Connection to Atlas successful","timestamp":"2023-12-13T12:39:57+07:00"}
{"level":"info","message":"App running on port 6900...","timestamp":"2023-12-13T12:41:25+07:00"}
{"level":"info","message":"Connection to Atlas successful","timestamp":"2023-12-13T12:41:26+07:00"}
{"level":"info","message":"App running on port 6900...","timestamp":"2023-12-13T12:53:31+07:00"}
{"level":"info","message":"Connection to Atlas successful","timestamp":"2023-12-13T12:53:32+07:00"}
{"level":"info","message":"App running on port 6900...","timestamp":"2023-12-13 07:54:46"}
{"level":"info","message":"Connection to Atlas successful","timestamp":"2023-12-13 07:54:46"}
{"level":"info","message":"App running on port 6900...","timestamp":"2023-12-13 12:55:15"}
{"level":"info","message":"Connection to Atlas successful","timestamp":"2023-12-13 12:55:16"}
{"level":"info","message":"App running on port 6900...","timestamp":"2023-12-13 12:57:10"}
{"level":"info","message":"Connection to Atlas successful","timestamp":"2023-12-13 12:57:11"}
{"level":"info","message":"App running on port 6900...","timestamp":"2023-12-13 12:57:23"}
{"level":"info","message":"Connection to Atlas successful","timestamp":"2023-12-13 12:57:24"}
{"level":"info","message":"App running on port 6900...","timestamp":"2023-12-13 12:57:36"}
{"level":"info","message":"Connection to Atlas successful","timestamp":"2023-12-13 12:57:37"}
{"level":"info","message":"App running on port 6900...","timestamp":"2023-12-13 12:57:55"}
{"level":"info","message":"Connection to Atlas successful","timestamp":"2023-12-13 12:57:55"}
{"level":"info","message":"App running on port 6900...","timestamp":"2023-12-13 12:58:00"}
{"level":"info","message":"Connection to Atlas successful","timestamp":"2023-12-13 12:58:01"}
{"level":"info","message":"App running on port 6900...","timestamp":"2023-12-13 12:58:55"}
{"level":"info","message":"Connection to Atlas successful","timestamp":"2023-12-13 12:58:55"}
{"level":"info","message":"App running on port 6900...","timestamp":"2023-12-13 12:59:11"}
{"level":"info","message":"Connection to Atlas successful","timestamp":"2023-12-13 12:59:12"}
{"level":"info","message":"App running on port 6900...","timestamp":"2023-12-13 12:59:17"}
{"level":"info","message":"Connection to Atlas successful","timestamp":"2023-12-13 12:59:17"}
{"level":"info","message":"App running on port 6900...","timestamp":"2023-12-13 12:59:24"}
{"level":"info","message":"Connection to Atlas successful","timestamp":"2023-12-13 12:59:25"}
{"level":"info","message":"App running on port 6900...","timestamp":"2023-12-13 12:59:29"}
{"level":"info","message":"Connection to Atlas successful","timestamp":"2023-12-13 12:59:30"}
{"level":"info","message":"App running on port 6900...","timestamp":"2023-12-13 13:00:31"}
{"level":"info","message":"Connection to Atlas successful","timestamp":"2023-12-13 13:00:32"}
{"level":"info","message":"App running on port 6900...","timestamp":"2023-12-13 13:01:45"}
{"level":"info","message":"Connection to Atlas successful","timestamp":"2023-12-13 13:01:46"}
{"level":"info","message":"App running on port 6900...","timestamp":"2023-12-13 13:02:00"}
{"level":"info","message":"Connection to Atlas successful","timestamp":"2023-12-13 13:02:01"}
{"level":"info","message":"App running on port 6900...","timestamp":"2023-12-13 13:02:32"}
{"level":"info","message":"Connection to Atlas successful","timestamp":"2023-12-13 13:02:32"}
{"level":"info","message":"App running on port 6900...","timestamp":"2023-12-13 13:02:37"}
{"level":"info","message":"Connection to Atlas successful","timestamp":"2023-12-13 13:02:37"}
{"level":"info","message":"App running on port 6900...","timestamp":"2023-12-13 13:03:16"}
{"level":"info","message":"Connection to Atlas successful","timestamp":"2023-12-13 13:03:17"}
{"level":"info","message":"App running on port 6900...","timestamp":"2023-12-13 13:03:36"}
{"level":"info","message":"Connection to Atlas successful","timestamp":"2023-12-13 13:03:37"}
{"level":"info","message":"App running on port 6900...","timestamp":"2023-12-13 13:05:05"}
{"level":"info","message":"App running on port 6900...","timestamp":"2023-12-13 13:05:08"}
{"level":"info","message":"Connection to Atlas successful","timestamp":"2023-12-13 13:05:09"}
{"level":"info","message":"App running on port 6900...","timestamp":"2023-12-13 13:05:53"}
{"level":"info","message":"Connection to Atlas successful","timestamp":"2023-12-13 13:05:54"}
{"level":"info","message":"App running on port 6900...","timestamp":"2023-12-13 13:06:17"}
{"level":"info","message":"Connection to Atlas successful","timestamp":"2023-12-13 13:06:17"}
{"level":"info","message":"App running on port 6900...","timestamp":"2023-12-13 13:13:40"}
{"level":"info","message":"Connection to Atlas successful","timestamp":"2023-12-13 13:13:42"}
{"level":"info","message":"App running on port 6900...","timestamp":"2023-12-13 13:13:47"}
{"level":"info","message":"Connection to Atlas successful","timestamp":"2023-12-13 13:13:48"}
{"level":"info","message":"App running on port 6900...","timestamp":"2023-12-13 13:15:04"}
{"level":"info","message":"Connection to Atlas successful","timestamp":"2023-12-13 13:15:05"}
{"level":"info","message":"App running on port 6900...","timestamp":"2023-12-13 13:15:17"}
{"level":"info","message":"Connection to Atlas successful","timestamp":"2023-12-13 13:15:17"}
{"level":"info","message":"App running on port 6900...","timestamp":"2023-12-13 13:15:40"}
{"level":"info","message":"Connection to Atlas successful","timestamp":"2023-12-13 13:15:41"}
{"level":"info","message":"App running on port 6900...","timestamp":"2023-12-13 13:16:10"}
{"level":"info","message":"Connection to Atlas successful","timestamp":"2023-12-13 13:16:11"}
{"level":"info","message":"App running on port 6900...","timestamp":"2023-12-13 13:16:26"}
{"level":"info","message":"Connection to Atlas successful","timestamp":"2023-12-13 13:16:26"}
{"level":"info","message":"App running on port 6900...","timestamp":"2023-12-13 13:17:58"}
{"error":{"code":"ESERVFAIL","hostname":"tanstore.13fc4lw.mongodb.net","syscall":"queryTxt"},"level":"error","message":"Mongoose connection error","timestamp":"2023-12-13 13:18:03"}
{"level":"info","message":"App running on port 6900...","timestamp":"2023-12-13 13:20:48"}
{"level":"info","message":"Connection to Atlas successful","timestamp":"2023-12-13 13:20:49"}
{"level":"info","message":"App running on port 6900...","timestamp":"2023-12-13 13:47:03"}
{"level":"info","message":"Connection to Atlas successful","timestamp":"2023-12-13 13:47:08"}
{"level":"info","message":"App running on port 6900...","timestamp":"2023-12-13 13:48:23"}
{"level":"info","message":"Connection to Atlas successful","timestamp":"2023-12-13 13:48:24"}
{"level":"info","message":"App running on port 6900...","timestamp":"2023-12-13 13:48:51"}
{"level":"info","message":"Connection to Atlas successful","timestamp":"2023-12-13 13:48:51"}
{"level":"info","message":"App running on port 6900...","timestamp":"2023-12-13 13:52:08"}
{"level":"info","message":"Connection to Atlas successful","timestamp":"2023-12-13 13:52:09"}
{"level":"info","message":"App running on port 6900...","timestamp":"2023-12-13 13:52:33"}
{"level":"info","message":"Connection to Atlas successful","timestamp":"2023-12-13 13:52:33"}
{"level":"info","message":"App running on port 6900...","timestamp":"2023-12-13 13:58:38"}
{"level":"info","message":"Connection to Atlas successful","timestamp":"2023-12-13 13:58:39"}
{"level":"info","message":"App running on port 6900...","timestamp":"2023-12-13 13:59:30"}
{"level":"info","message":"Connection to Atlas successful","timestamp":"2023-12-13 13:59:31"}
{"level":"info","message":"App running on port 6900...","timestamp":"2023-12-13 14:02:25"}
{"level":"info","message":"Connection to Atlas successful","timestamp":"2023-12-13 14:02:26"}
{"level":"info","message":"App running on port 6900...","timestamp":"2023-12-13 14:04:06"}
{"level":"info","message":"Connection to Atlas successful","timestamp":"2023-12-13 14:04:07"}
{"level":"info","message":"App running on port 6900...","timestamp":"2023-12-13 14:04:58"}
{"level":"info","message":"Connection to Atlas successful","timestamp":"2023-12-13 14:04:59"}
{"level":"info","message":"App running on port 6900...","timestamp":"2023-12-13 14:08:05"}
{"level":"info","message":"Connection to Atlas successful","timestamp":"2023-12-13 14:08:06"}
{"level":"info","message":"App running on port 6900...","timestamp":"2023-12-13 14:09:10"}
{"level":"info","message":"Connection to Atlas successful","timestamp":"2023-12-13 14:09:10"}
{"level":"info","message":"App running on port 6900...","timestamp":"2023-12-13 14:09:31"}
{"level":"info","message":"Connection to Atlas successful","timestamp":"2023-12-13 14:09:33"}
{"level":"info","message":"App running on port 6900...","timestamp":"2023-12-13 14:10:42"}
{"level":"info","message":"Connection to Atlas successful","timestamp":"2023-12-13 14:10:43"}
{"level":"info","message":"App running on port 6900...","timestamp":"2023-12-13 14:10:58"}
{"level":"info","message":"Connection to Atlas successful","timestamp":"2023-12-13 14:10:59"}
{"level":"info","message":"App running on port 6900...","timestamp":"2023-12-13 14:12:46"}
{"level":"info","message":"Connection to Atlas successful","timestamp":"2023-12-13 14:12:47"}
{"level":"info","message":"App running on port 6900...","timestamp":"2023-12-13 14:14:22"}
{"level":"info","message":"Connection to Atlas successful","timestamp":"2023-12-13 14:14:23"}
{"level":"info","message":"App running on port 6900...","timestamp":"2023-12-13 14:15:39"}
{"level":"info","message":"Connection to Atlas successful","timestamp":"2023-12-13 14:15:40"}
{"level":"info","message":"App running on port 6900...","timestamp":"2023-12-13 14:16:56"}
{"level":"info","message":"Connection to Atlas successful","timestamp":"2023-12-13 14:16:57"}
{"level":"info","message":"App running on port 6900...","timestamp":"2023-12-13 14:20:04"}
{"error":{"code":"ESERVFAIL","hostname":"_mongodb._tcp.tanstore.13fc4lw.mongodb.net","syscall":"querySrv"},"level":"error","message":"Mongoose connection error","timestamp":"2023-12-13 14:20:08"}
{"level":"info","message":"App running on port 6900...","timestamp":"2023-12-13 14:20:31"}
{"level":"info","message":"Connection to Atlas successful","timestamp":"2023-12-13 14:20:32"}
{"level":"info","message":"App running on port 6900...","timestamp":"2023-12-13 14:21:05"}
{"level":"info","message":"Connection to Atlas successful","timestamp":"2023-12-13 14:21:05"}
{"level":"info","message":"App running on port 6900...","timestamp":"2023-12-13 14:25:54"}
{"level":"info","message":"Connection to Atlas successful","timestamp":"2023-12-13 14:25:55"}
{"level":"info","message":"App running on port 6900...","timestamp":"2023-12-13 14:26:13"}
{"level":"info","message":"Connection to Atlas successful","timestamp":"2023-12-13 14:26:14"}
{"level":"info","message":"App running on port 6900...","timestamp":"2023-12-13 14:26:55"}
{"level":"info","message":"Connection to Atlas successful","timestamp":"2023-12-13 14:26:56"}
{"level":"info","message":"App running on port 6900...","timestamp":"2023-12-13 14:27:39"}
{"level":"info","message":"Connection to Atlas successful","timestamp":"2023-12-13 14:27:40"}
{"level":"info","message":"App running on port 6900...","timestamp":"2023-12-13 14:31:13"}
{"level":"info","message":"Connection to Atlas successful","timestamp":"2023-12-13 14:31:14"}
{"level":"info","message":"App running on port 6900...","timestamp":"2023-12-13 14:32:07"}
{"level":"info","message":"Connection to Atlas successful","timestamp":"2023-12-13 14:32:08"}
{"level":"info","message":"App running on port 6900...","timestamp":"2023-12-13 14:32:16"}
{"level":"info","message":"Connection to Atlas successful","timestamp":"2023-12-13 14:32:17"}
{"level":"info","message":"App running on port 6900...","timestamp":"2023-12-13 14:32:50"}
{"level":"info","message":"Connection to Atlas successful","timestamp":"2023-12-13 14:32:51"}
{"level":"info","message":"App running on port 6900...","timestamp":"2023-12-13 14:33:11"}
{"level":"info","message":"Connection to Atlas successful","timestamp":"2023-12-13 14:33:13"}
{"level":"info","message":"App running on port 6900...","timestamp":"2023-12-13 14:33:32"}
{"error":{"code":"ESERVFAIL","hostname":"_mongodb._tcp.tanstore.13fc4lw.mongodb.net","syscall":"querySrv"},"level":"error","message":"Mongoose connection error","timestamp":"2023-12-13 14:33:36"}
{"level":"info","message":"App running on port 6900...","timestamp":"2023-12-13 14:33:42"}
{"error":{"code":"ESERVFAIL","hostname":"_mongodb._tcp.tanstore.13fc4lw.mongodb.net","syscall":"querySrv"},"level":"error","message":"Mongoose connection error","timestamp":"2023-12-13 14:33:46"}
{"level":"info","message":"App running on port 6900...","timestamp":"2023-12-13 14:35:04"}
{"level":"info","message":"Connection to Atlas successful","timestamp":"2023-12-13 14:35:10"}
{"level":"info","message":"App running on port 6900...","timestamp":"2023-12-13 14:36:43"}
{"level":"info","message":"Connection to Atlas successful","timestamp":"2023-12-13 14:36:53"}
{"level":"info","message":"App running on port 6900...","timestamp":"2023-12-13 14:38:07"}
{"level":"info","message":"Connection to Atlas successful","timestamp":"2023-12-13 14:38:13"}
{"level":"info","message":"App running on port 6900...","timestamp":"2023-12-13 14:39:47"}
{"level":"info","message":"Connection to Atlas successful","timestamp":"2023-12-13 14:39:53"}
{"level":"info","message":"App running on port 6900...","timestamp":"2023-12-13 14:41:48"}
{"level":"info","message":"App running on port 6900...","timestamp":"2023-12-13 14:41:56"}
{"level":"info","message":"Connection to Atlas successful","timestamp":"2023-12-13 14:42:00"}
{"level":"info","message":"App running on port 6900...","timestamp":"2023-12-13 14:43:02"}
{"level":"info","message":"Connection to Atlas successful","timestamp":"2023-12-13 14:43:07"}
{"level":"info","message":"App running on port 6900...","timestamp":"2023-12-13 14:43:27"}
{"level":"info","message":"Connection to Atlas successful","timestamp":"2023-12-13 14:43:31"}
{"level":"info","message":"App running on port 6900...","timestamp":"2023-12-13 14:45:11"}
{"level":"info","message":"App running on port 6900...","timestamp":"2023-12-13 14:45:18"}
{"level":"info","message":"Connection to Atlas successful","timestamp":"2023-12-13 14:45:21"}
{"level":"info","message":"App running on port 6900...","timestamp":"2023-12-13 14:46:05"}
{"level":"info","message":"Connection to Atlas successful","timestamp":"2023-12-13 14:46:08"}
{"level":"info","message":"App running on port 6900...","timestamp":"2023-12-13 14:47:22"}
{"level":"info","message":"Connection to Atlas successful","timestamp":"2023-12-13 14:47:27"}
{"level":"info","message":"App running on port 6900...","timestamp":"2023-12-13 14:47:33"}
{"level":"info","message":"Connection to Atlas successful","timestamp":"2023-12-13 14:47:35"}
{"level":"info","message":"App running on port 6900...","timestamp":"2023-12-13 14:48:06"}
{"level":"info","message":"Connection to Atlas successful","timestamp":"2023-12-13 14:48:06"}
{"level":"info","message":"App running on port 6900...","timestamp":"2023-12-13 14:49:10"}
{"level":"info","message":"Connection to Atlas successful","timestamp":"2023-12-13 14:49:12"}
{"level":"info","message":"App running on port 6900...","timestamp":"2023-12-13 14:50:09"}
{"level":"info","message":"Connection to Atlas successful","timestamp":"2023-12-13 14:50:10"}
{"level":"info","message":"App running on port 6900...","timestamp":"2023-12-13 14:50:20"}
{"level":"info","message":"Connection to Atlas successful","timestamp":"2023-12-13 14:50:21"}
{"level":"info","message":"App running on port 6900...","timestamp":"2023-12-13 14:50:30"}
{"level":"info","message":"Connection to Atlas successful","timestamp":"2023-12-13 14:50:30"}
{"level":"info","message":"App running on port 6900...","timestamp":"2023-12-13 15:07:27"}
{"level":"info","message":"Connection to Atlas successful","timestamp":"2023-12-13 15:07:27"}
{"level":"info","message":"App running on port 6900...","timestamp":"2023-12-13 15:08:19"}
{"level":"info","message":"Connection to Atlas successful","timestamp":"2023-12-13 15:08:20"}
{"level":"info","message":"App running on port 6900...","timestamp":"2023-12-13 15:09:29"}
{"level":"info","message":"Connection to Atlas successful","timestamp":"2023-12-13 15:09:35"}
{"level":"info","message":"App running on port 6900...","timestamp":"2023-12-13 15:10:01"}
{"level":"info","message":"Connection to Atlas successful","timestamp":"2023-12-13 15:10:06"}
{"level":"info","message":"App running on port 6900...","timestamp":"2023-12-13 15:11:46"}
{"level":"info","message":"Connection to Atlas successful","timestamp":"2023-12-13 15:11:47"}
{"level":"info","message":"App running on port 6900...","timestamp":"2023-12-13 15:11:53"}
{"level":"info","message":"Connection to Atlas successful","timestamp":"2023-12-13 15:11:54"}
{"level":"info","message":"App running on port 6900...","timestamp":"2023-12-13 15:12:02"}
{"level":"info","message":"Connection to Atlas successful","timestamp":"2023-12-13 15:12:03"}
{"level":"info","message":"App running on port 6900...","timestamp":"2023-12-13 15:36:09"}
{"level":"info","message":"Connection to Atlas successful","timestamp":"2023-12-13 15:36:10"}
{"level":"info","message":"App running on port 6900...","timestamp":"2023-12-13 15:38:10"}
{"level":"info","message":"Connection to Atlas successful","timestamp":"2023-12-13 15:38:10"}
{"level":"info","message":"App running on port 6900...","timestamp":"2023-12-13 15:39:03"}
{"level":"info","message":"Connection to Atlas successful","timestamp":"2023-12-13 15:39:08"}
{"level":"info","message":"App running on port 6900...","timestamp":"2023-12-13 15:39:34"}
{"level":"info","message":"Connection to Atlas successful","timestamp":"2023-12-13 15:39:35"}
{"level":"info","message":"App running on port 6900...","timestamp":"2023-12-13 15:49:17"}
{"level":"info","message":"Connection to Atlas successful","timestamp":"2023-12-13 15:49:18"}
{"level":"info","message":"App running on port 6900...","timestamp":"2023-12-13 15:49:58"}
{"level":"info","message":"Connection to Atlas successful","timestamp":"2023-12-13 15:49:58"}
{"level":"info","message":"App running on port 6900...","timestamp":"2023-12-13 15:51:16"}
{"level":"info","message":"Connection to Atlas successful","timestamp":"2023-12-13 15:51:16"}
{"level":"info","message":"App running on port 6900...","timestamp":"2023-12-13 15:51:59"}
{"level":"info","message":"Connection to Atlas successful","timestamp":"2023-12-13 15:52:05"}
{"level":"info","message":"App running on port 6900...","timestamp":"2023-12-13 15:52:30"}
{"level":"info","message":"Connection to Atlas successful","timestamp":"2023-12-13 15:52:36"}
{"level":"info","message":"App running on port 6900...","timestamp":"2023-12-13 15:53:03"}
{"level":"info","message":"Connection to Atlas successful","timestamp":"2023-12-13 15:53:03"}
{"level":"info","message":"App running on port 6900...","timestamp":"2023-12-13 15:53:57"}
{"level":"info","message":"Connection to Atlas successful","timestamp":"2023-12-13 15:53:57"}
{"level":"info","message":"App running on port 6900...","timestamp":"2023-12-13 15:54:22"}
{"level":"info","message":"Connection to Atlas successful","timestamp":"2023-12-13 15:54:23"}
{"level":"info","message":"App running on port 6900...","timestamp":"2023-12-13 16:59:48"}
{"level":"info","message":"Connection to Atlas successful","timestamp":"2023-12-13 16:59:48"}
{"level":"info","message":"App running on port 6900...","timestamp":"2023-12-13 17:00:38"}
{"level":"info","message":"Connection to Atlas successful","timestamp":"2023-12-13 17:00:38"}
{"level":"info","message":"App running on port 6900...","timestamp":"2023-12-13 17:01:12"}
{"level":"info","message":"Connection to Atlas successful","timestamp":"2023-12-13 17:01:12"}
{"level":"info","message":"App running on port 6900...","timestamp":"2023-12-13 17:01:55"}
{"level":"info","message":"Connection to Atlas successful","timestamp":"2023-12-13 17:01:55"}
{"level":"info","message":"App running on port 6900...","timestamp":"2023-12-13 17:03:07"}
{"level":"info","message":"Connection to Atlas successful","timestamp":"2023-12-13 17:03:08"}
{"level":"info","message":"App running on port 6900...","timestamp":"2023-12-13 17:03:29"}
{"level":"info","message":"Connection to Atlas successful","timestamp":"2023-12-13 17:03:30"}
{"level":"info","message":"App running on port 6900...","timestamp":"2023-12-13 17:04:47"}
{"level":"info","message":"Connection to Atlas successful","timestamp":"2023-12-13 17:04:47"}
{"level":"info","message":"App running on port 6900...","timestamp":"2023-12-13 17:09:47"}
{"level":"info","message":"Connection to Atlas successful","timestamp":"2023-12-13 17:09:47"}
{"level":"info","message":"App running on port 6900...","timestamp":"2023-12-13 17:18:24"}
{"level":"info","message":"Connection to Atlas successful","timestamp":"2023-12-13 17:18:24"}
{"level":"info","message":"App running on port 6900...","timestamp":"2023-12-13 17:18:43"}
{"level":"info","message":"Connection to Atlas successful","timestamp":"2023-12-13 17:18:43"}
{"level":"info","message":"App running on port 6900...","timestamp":"2023-12-13 17:21:54"}
{"level":"info","message":"Connection to Atlas successful","timestamp":"2023-12-13 17:21:54"}
{"level":"info","message":"App running on port 6900...","timestamp":"2023-12-13 17:23:18"}
{"level":"info","message":"Connection to Atlas successful","timestamp":"2023-12-13 17:23:23"}
{"level":"info","message":"App running on port 6900...","timestamp":"2023-12-13 17:23:40"}
{"level":"info","message":"Connection to Atlas successful","timestamp":"2023-12-13 17:23:41"}
{"level":"info","message":"App running on port 6900...","timestamp":"2023-12-13 17:24:04"}
{"level":"info","message":"Connection to Atlas successful","timestamp":"2023-12-13 17:24:05"}
{"level":"info","message":"App running on port 6900...","timestamp":"2023-12-13 17:24:25"}
{"level":"info","message":"Connection to Atlas successful","timestamp":"2023-12-13 17:24:25"}
{"level":"info","message":"App running on port 6900...","timestamp":"2023-12-13 17:27:09"}
{"level":"info","message":"Connection to Atlas successful","timestamp":"2023-12-13 17:27:10"}
{"level":"info","message":"App running on port 6900...","timestamp":"2023-12-13 17:27:34"}
{"level":"info","message":"Connection to Atlas successful","timestamp":"2023-12-13 17:27:34"}
