{"level":"info","message":"App running on port 6900...","timestamp":"2023-12-27 10:55:16"}
{"level":"info","message":"Connection to Atlas successful","timestamp":"2023-12-27 10:55:17"}
{"level":"info","message":"App running on port 6900...","timestamp":"2023-12-27 14:32:22"}
{"level":"info","message":"Connection to Atlas successful","timestamp":"2023-12-27 14:32:23"}
{"level":"info","message":"App running on port 6900...","timestamp":"2023-12-27 14:32:53"}
{"level":"info","message":"App running on port 6900...","timestamp":"2023-12-27 14:32:57"}
{"level":"info","message":"App running on port 6900...","timestamp":"2023-12-27 14:33:01"}
{"level":"info","message":"Connection to Atlas successful","timestamp":"2023-12-27 14:33:02"}
{"level":"info","message":"App running on port 6900...","timestamp":"2023-12-27 14:33:15"}
{"level":"info","message":"Connection to Atlas successful","timestamp":"2023-12-27 14:33:16"}
{"level":"info","message":"App running on port 6900...","timestamp":"2023-12-27 14:33:22"}
{"level":"info","message":"Connection to Atlas successful","timestamp":"2023-12-27 14:33:23"}
{"level":"info","message":"App running on port 6900...","timestamp":"2023-12-27 14:33:29"}
{"level":"info","message":"Connection to Atlas successful","timestamp":"2023-12-27 14:33:30"}
{"level":"info","message":"App running on port 6900...","timestamp":"2023-12-27 14:33:41"}
{"level":"info","message":"Connection to Atlas successful","timestamp":"2023-12-27 14:33:42"}
{"level":"info","message":{"exp":1703673467,"iat":1703662667,"id":"657d9f709081649f489b75c7"},"timestamp":"2023-12-27 14:37:52"}
{"level":"info","message":{"exp":1703673467,"iat":1703662667,"id":"657d9f709081649f489b75c7"},"timestamp":"2023-12-27 14:38:12"}
{"level":"info","message":{"exp":1703673467,"iat":1703662667,"id":"657d9f709081649f489b75c7"},"timestamp":"2023-12-27 14:38:42"}
{"level":"info","message":"File deleted successfully","timestamp":"2023-12-27 14:38:52"}
{"level":"info","message":"File deleted successfully","timestamp":"2023-12-27 14:38:52"}
{"level":"info","message":"File deleted successfully","timestamp":"2023-12-27 14:38:52"}
{"level":"info","message":"App running on port 6900...","timestamp":"2023-12-27 14:40:47"}
{"level":"info","message":"App running on port 6900...","timestamp":"2023-12-27 14:40:51"}
{"level":"info","message":"Connection to Atlas successful","timestamp":"2023-12-27 14:40:52"}
{"level":"info","message":{"exp":1703673467,"iat":1703662667,"id":"657d9f709081649f489b75c7"},"timestamp":"2023-12-27 14:41:05"}
{"level":"info","message":{"exp":1703673467,"iat":1703662667,"id":"657d9f709081649f489b75c7"},"timestamp":"2023-12-27 14:41:12"}
{"level":"info","message":"File deleted successfully","timestamp":"2023-12-27 14:41:22"}
{"level":"info","message":"File deleted successfully","timestamp":"2023-12-27 14:41:22"}
{"level":"info","message":"File deleted successfully","timestamp":"2023-12-27 14:41:22"}
{"level":"info","message":"App running on port 6900...","timestamp":"2023-12-27 14:49:47"}
{"level":"info","message":"Connection to Atlas successful","timestamp":"2023-12-27 14:49:49"}
{"level":"info","message":{"exp":1703673467,"iat":1703662667,"id":"657d9f709081649f489b75c7"},"timestamp":"2023-12-27 14:49:58"}
{"level":"info","message":"App running on port 6900...","timestamp":"2023-12-27 14:55:47"}
{"level":"info","message":"App running on port 6900...","timestamp":"2023-12-27 14:55:52"}
{"level":"info","message":"Connection to Atlas successful","timestamp":"2023-12-27 14:55:53"}
{"level":"info","message":"App running on port 6900...","timestamp":"2023-12-27 14:56:07"}
{"level":"info","message":"Connection to Atlas successful","timestamp":"2023-12-27 14:56:08"}
{"level":"info","message":"App running on port 6900...","timestamp":"2023-12-27 15:01:50"}
{"level":"info","message":"Connection to Atlas successful","timestamp":"2023-12-27 15:01:52"}
{"level":"info","message":{"exp":1703673467,"iat":1703662667,"id":"657d9f709081649f489b75c7"},"timestamp":"2023-12-27 15:02:04"}
{"level":"info","message":"File deleted successfully","timestamp":"2023-12-27 15:02:13"}
{"level":"info","message":"File deleted successfully","timestamp":"2023-12-27 15:02:13"}
{"level":"info","message":"File deleted successfully","timestamp":"2023-12-27 15:02:13"}
{"level":"info","message":{"exp":1703673467,"iat":1703662667,"id":"657d9f709081649f489b75c7"},"timestamp":"2023-12-27 15:02:37"}
{"level":"info","message":{"deleted":{"TAN-Store/acoueopsxzus1ty6blhm":"deleted","TAN-Store/br3lipjzquiphynmlnq8":"deleted","TAN-Store/ssjmmludu603eupyoy9j":"deleted"},"deleted_counts":{"TAN-Store/acoueopsxzus1ty6blhm":{"derived":0,"original":1},"TAN-Store/br3lipjzquiphynmlnq8":{"derived":0,"original":1},"TAN-Store/ssjmmludu603eupyoy9j":{"derived":0,"original":1}},"partial":false,"rate_limit_allowed":500,"rate_limit_remaining":499,"rate_limit_reset_at":"2023-12-27T09:00:00.000Z"},"timestamp":"2023-12-27 15:02:40"}
{"level":"info","message":"App running on port 6900...","timestamp":"2023-12-27 15:30:03"}
{"level":"info","message":"Connection to Atlas successful","timestamp":"2023-12-27 15:30:07"}
{"level":"info","message":"App running on port 6900...","timestamp":"2023-12-27 15:31:26"}
{"level":"info","message":"Connection to Atlas successful","timestamp":"2023-12-27 15:31:42"}
{"level":"info","message":"App running on port 6900...","timestamp":"2023-12-27 15:31:52"}
{"level":"info","message":"Connection to Atlas successful","timestamp":"2023-12-27 15:31:53"}
{"level":"info","message":"App running on port 6900...","timestamp":"2023-12-27 15:32:14"}
{"level":"info","message":"Connection to Atlas successful","timestamp":"2023-12-27 15:32:18"}
{"level":"info","message":"App running on port 6900...","timestamp":"2023-12-27 15:32:24"}
{"level":"info","message":"Connection to Atlas successful","timestamp":"2023-12-27 15:32:25"}
{"level":"info","message":"App running on port 6900...","timestamp":"2023-12-27 15:34:12"}
{"level":"info","message":"Connection to Atlas successful","timestamp":"2023-12-27 15:34:14"}
{"level":"info","message":"App running on port 6900...","timestamp":"2023-12-27 15:40:18"}
{"level":"info","message":"Connection to Atlas successful","timestamp":"2023-12-27 15:40:21"}
{"level":"info","message":"App running on port 6900...","timestamp":"2023-12-27 15:52:37"}
{"level":"info","message":"Connection to Atlas successful","timestamp":"2023-12-27 15:52:42"}
{"level":"info","message":{"exp":1703673467,"iat":1703662667,"id":"657d9f709081649f489b75c7"},"timestamp":"2023-12-27 15:53:00"}
{"level":"info","message":"File deleted successfully","timestamp":"2023-12-27 15:53:13"}
{"level":"info","message":"File deleted successfully","timestamp":"2023-12-27 15:53:13"}
{"level":"info","message":"File deleted successfully","timestamp":"2023-12-27 15:53:13"}
{"level":"info","message":{"exp":1703673467,"iat":1703662667,"id":"657d9f709081649f489b75c7"},"timestamp":"2023-12-27 15:54:10"}
{"level":"info","message":{"exp":1703673467,"iat":1703662667,"id":"657d9f709081649f489b75c7"},"timestamp":"2023-12-27 15:54:18"}
{"level":"info","message":{"deleted":{"TAN-Store/fqhmtzqk9avkubonjktr":"deleted","TAN-Store/pom9hsvsdkgu7sj4sibh":"deleted","TAN-Store/xpumtvzbzkgfoqgiqxds":"deleted"},"deleted_counts":{"TAN-Store/fqhmtzqk9avkubonjktr":{"derived":0,"original":1},"TAN-Store/pom9hsvsdkgu7sj4sibh":{"derived":0,"original":1},"TAN-Store/xpumtvzbzkgfoqgiqxds":{"derived":0,"original":1}},"partial":false,"rate_limit_allowed":500,"rate_limit_remaining":490,"rate_limit_reset_at":"2023-12-27T09:00:00.000Z"},"timestamp":"2023-12-27 15:54:20"}
{"level":"info","message":"App running on port 6900...","timestamp":"2023-12-27 15:55:01"}
{"level":"info","message":"Connection to Atlas successful","timestamp":"2023-12-27 15:55:02"}
{"level":"info","message":"App running on port 6900...","timestamp":"2023-12-27 15:55:30"}
{"level":"info","message":"Connection to Atlas successful","timestamp":"2023-12-27 15:55:31"}
{"level":"info","message":"App running on port 6900...","timestamp":"2023-12-27 19:51:45"}
{"level":"info","message":"Connection to Atlas successful","timestamp":"2023-12-27 19:51:46"}
{"level":"info","message":{"exp":1703692379,"iat":1703681579,"id":"657d9f709081649f489b75c7"},"timestamp":"2023-12-27 19:53:07"}
{"level":"info","message":"File deleted successfully","timestamp":"2023-12-27 19:53:13"}
{"level":"info","message":"File deleted successfully","timestamp":"2023-12-27 19:53:13"}
{"level":"info","message":"File deleted successfully","timestamp":"2023-12-27 19:53:13"}
{"level":"info","message":"App running on port 6900...","timestamp":"2023-12-27 19:53:47"}
{"level":"info","message":"Connection to Atlas successful","timestamp":"2023-12-27 19:53:48"}
{"level":"info","message":"App running on port 6900...","timestamp":"2023-12-27 20:05:47"}
{"level":"info","message":"Connection to Atlas successful","timestamp":"2023-12-27 20:05:48"}
{"level":"info","message":"App running on port 6900...","timestamp":"2023-12-27 20:06:57"}
{"level":"info","message":"Connection to Atlas successful","timestamp":"2023-12-27 20:06:58"}
{"level":"info","message":"App running on port 6900...","timestamp":"2023-12-27 20:09:41"}
{"level":"info","message":"Connection to Atlas successful","timestamp":"2023-12-27 20:09:42"}
{"level":"info","message":{"exp":1703693300,"iat":1703682500,"id":"657d9f859081649f489b75ca"},"timestamp":"2023-12-27 20:09:43"}
{"level":"info","message":{"exp":1703693300,"iat":1703682500,"id":"657d9f859081649f489b75ca"},"timestamp":"2023-12-27 20:09:50"}
{"level":"info","message":{"exp":1703693300,"iat":1703682500,"id":"657d9f859081649f489b75ca"},"timestamp":"2023-12-27 20:09:58"}
{"level":"info","message":"App running on port 6900...","timestamp":"2023-12-27 20:10:08"}
{"level":"info","message":"Connection to Atlas successful","timestamp":"2023-12-27 20:10:08"}
{"level":"info","message":{"exp":1703694748,"iat":1703683948,"id":"657d9f709081649f489b75c7"},"timestamp":"2023-12-27 20:34:49"}
{"level":"info","message":"File deleted successfully","timestamp":"2023-12-27 20:34:55"}
{"level":"info","message":"File deleted successfully","timestamp":"2023-12-27 20:34:55"}
{"level":"info","message":"File deleted successfully","timestamp":"2023-12-27 20:34:55"}
{"level":"info","message":"File deleted successfully","timestamp":"2023-12-27 20:34:55"}
