{"level":"info","message":"App running on port 6900...","timestamp":"2024-01-15 04:47:41"}
{"level":"info","message":"Connection to Atlas successful","timestamp":"2024-01-15 04:47:42"}
{"level":"info","message":"App running on port 6900...","timestamp":"2024-01-15 04:49:47"}
{"level":"info","message":"Connection to Atlas successful","timestamp":"2024-01-15 04:49:48"}
{"level":"info","message":"App running on port 6900...","timestamp":"2024-01-15 04:50:52"}
{"level":"info","message":"Connection to Atlas successful","timestamp":"2024-01-15 04:50:53"}
{"level":"info","message":"App running on port 6900...","timestamp":"2024-01-15 04:53:23"}
{"level":"info","message":"Connection to Atlas successful","timestamp":"2024-01-15 04:53:24"}
{"level":"info","message":"App running on port 6900...","timestamp":"2024-01-15 04:53:37"}
{"level":"info","message":"Connection to Atlas successful","timestamp":"2024-01-15 04:53:37"}
{"level":"info","message":"App running on port 6900...","timestamp":"2024-01-15 04:53:50"}
{"level":"info","message":"App running on port 6900...","timestamp":"2024-01-15 04:53:54"}
{"level":"info","message":"Connection to Atlas successful","timestamp":"2024-01-15 04:53:55"}
{"level":"info","message":"App running on port 6900...","timestamp":"2024-01-15 04:56:02"}
{"level":"info","message":"Production mode","timestamp":"2024-01-15 04:56:02"}
{"level":"info","message":"Connection to Atlas successful","timestamp":"2024-01-15 04:56:03"}
{"level":"info","message":"Email sent","timestamp":"2024-01-15 04:57:05"}
{"level":"info","message":"App running on port 6900...","timestamp":"2024-01-15 04:58:10"}
{"level":"info","message":"Production mode","timestamp":"2024-01-15 04:58:10"}
{"level":"info","message":"Connection to Atlas successful","timestamp":"2024-01-15 04:58:11"}
{"level":"info","message":"Email sent","timestamp":"2024-01-15 04:58:26"}
{"level":"info","message":"App running on port 6900...","timestamp":"2024-01-15 05:01:57"}
{"level":"info","message":"Production mode","timestamp":"2024-01-15 05:01:57"}
{"level":"info","message":"Connection to Atlas successful","timestamp":"2024-01-15 05:01:58"}
{"level":"info","message":"App running on port 6900...","timestamp":"2024-01-15 05:04:06"}
{"level":"info","message":"Production mode","timestamp":"2024-01-15 05:04:06"}
{"level":"info","message":"Connection to Atlas successful","timestamp":"2024-01-15 05:04:07"}
{"level":"info","message":"App running on port 6900...","timestamp":"2024-01-15 05:04:33"}
{"level":"info","message":"Production mode","timestamp":"2024-01-15 05:04:33"}
{"level":"info","message":"Connection to Atlas successful","timestamp":"2024-01-15 05:04:34"}
{"level":"info","message":"App running on port 6900...","timestamp":"2024-01-15 05:04:51"}
{"level":"info","message":"Production mode","timestamp":"2024-01-15 05:04:51"}
{"level":"info","message":"Connection to Atlas successful","timestamp":"2024-01-15 05:04:51"}
{"level":"info","message":"Email sent","timestamp":"2024-01-15 05:05:25"}
{"level":"info","message":"App running on port 6900...","timestamp":"2024-01-15 05:09:30"}
{"level":"info","message":"Production mode","timestamp":"2024-01-15 05:09:30"}
{"level":"info","message":"Connection to Atlas successful","timestamp":"2024-01-15 05:09:31"}
{"level":"info","message":"App running on port 6900...","timestamp":"2024-01-15 05:09:39"}
{"level":"info","message":"Connection to Atlas successful","timestamp":"2024-01-15 05:09:40"}
{"level":"info","message":"App running on port 6900...","timestamp":"2024-01-15 05:16:07"}
{"level":"info","message":"Connection to Atlas successful","timestamp":"2024-01-15 05:16:08"}
{"level":"info","message":"App running on port 6900...","timestamp":"2024-01-15 05:22:40"}
{"level":"info","message":"Connection to Atlas successful","timestamp":"2024-01-15 05:22:41"}
{"level":"info","message":"App running on port 6900...","timestamp":"2024-01-15 05:23:30"}
{"level":"info","message":"Connection to Atlas successful","timestamp":"2024-01-15 05:23:30"}
{"level":"info","message":"App running on port 6900...","timestamp":"2024-01-15 05:26:16"}
{"level":"info","message":"Connection to Atlas successful","timestamp":"2024-01-15 05:26:17"}
{"level":"info","message":"App running on port 6900...","timestamp":"2024-01-15 05:27:54"}
{"level":"info","message":"Connection to Atlas successful","timestamp":"2024-01-15 05:27:55"}
{"level":"info","message":"App running on port 6900...","timestamp":"2024-01-15 05:30:40"}
{"level":"info","message":"Connection to Atlas successful","timestamp":"2024-01-15 05:30:41"}
{"level":"info","message":"App running on port 6900...","timestamp":"2024-01-15 05:30:53"}
{"level":"info","message":"Connection to Atlas successful","timestamp":"2024-01-15 05:30:54"}
{"level":"info","message":"App running on port 6900...","timestamp":"2024-01-15 05:31:09"}
{"level":"info","message":"Connection to Atlas successful","timestamp":"2024-01-15 05:31:10"}
{"level":"info","message":"App running on port 6900...","timestamp":"2024-01-15 05:31:29"}
{"level":"info","message":"Connection to Atlas successful","timestamp":"2024-01-15 05:31:30"}
{"level":"info","message":"App running on port 6900...","timestamp":"2024-01-15 05:31:58"}
{"level":"info","message":"Connection to Atlas successful","timestamp":"2024-01-15 05:31:59"}
{"level":"info","message":"App running on port 6900...","timestamp":"2024-01-15 05:32:10"}
{"level":"info","message":"Connection to Atlas successful","timestamp":"2024-01-15 05:32:11"}
{"level":"info","message":"App running on port 6900...","timestamp":"2024-01-15 05:32:41"}
{"level":"info","message":"Connection to Atlas successful","timestamp":"2024-01-15 05:32:42"}
{"level":"info","message":"App running on port 6900...","timestamp":"2024-01-15 05:33:36"}
{"level":"info","message":"Connection to Atlas successful","timestamp":"2024-01-15 05:33:37"}
{"level":"info","message":"App running on port 6900...","timestamp":"2024-01-15 05:33:52"}
{"level":"info","message":"Connection to Atlas successful","timestamp":"2024-01-15 05:33:52"}
{"level":"info","message":"App running on port 6900...","timestamp":"2024-01-15 05:34:18"}
{"level":"info","message":"Connection to Atlas successful","timestamp":"2024-01-15 05:34:19"}
{"level":"info","message":"App running on port 6900...","timestamp":"2024-01-15 05:34:23"}
{"level":"info","message":"Connection to Atlas successful","timestamp":"2024-01-15 05:34:24"}
{"level":"info","message":"App running on port 6900...","timestamp":"2024-01-15 05:38:40"}
{"level":"info","message":"Connection to Atlas successful","timestamp":"2024-01-15 05:38:41"}
{"level":"info","message":"App running on port 6900...","timestamp":"2024-01-15 05:39:41"}
{"level":"info","message":"Connection to Atlas successful","timestamp":"2024-01-15 05:39:42"}
{"level":"info","message":"App running on port 6900...","timestamp":"2024-01-15 05:40:36"}
{"level":"info","message":"Connection to Atlas successful","timestamp":"2024-01-15 05:40:37"}
{"level":"info","message":"App running on port 6900...","timestamp":"2024-01-15 05:41:02"}
{"level":"info","message":"Connection to Atlas successful","timestamp":"2024-01-15 05:41:03"}
{"level":"info","message":"App running on port 6900...","timestamp":"2024-01-15 05:41:41"}
{"level":"info","message":"Connection to Atlas successful","timestamp":"2024-01-15 05:41:41"}
{"level":"info","message":"App running on port 6900...","timestamp":"2024-01-15 05:43:57"}
{"level":"info","message":"Connection to Atlas successful","timestamp":"2024-01-15 05:43:58"}
{"level":"info","message":"App running on port 6900...","timestamp":"2024-01-15 05:44:21"}
{"level":"info","message":"Connection to Atlas successful","timestamp":"2024-01-15 05:44:22"}
{"level":"info","message":"App running on port 6900...","timestamp":"2024-01-15 05:44:42"}
{"level":"info","message":"Connection to Atlas successful","timestamp":"2024-01-15 05:44:43"}
{"level":"info","message":"App running on port 6900...","timestamp":"2024-01-15 05:45:12"}
{"level":"info","message":"Connection to Atlas successful","timestamp":"2024-01-15 05:45:13"}
{"level":"info","message":"App running on port 6900...","timestamp":"2024-01-15 05:46:08"}
{"level":"info","message":"Connection to Atlas successful","timestamp":"2024-01-15 05:46:09"}
{"level":"info","message":"App running on port 6900...","timestamp":"2024-01-15 05:47:31"}
{"level":"info","message":"Connection to Atlas successful","timestamp":"2024-01-15 05:47:32"}
{"level":"info","message":"App running on port 6900...","timestamp":"2024-01-15 05:48:10"}
{"level":"info","message":"Connection to Atlas successful","timestamp":"2024-01-15 05:48:10"}
{"level":"info","message":"App running on port 6900...","timestamp":"2024-01-15 05:48:30"}
{"level":"info","message":"Connection to Atlas successful","timestamp":"2024-01-15 05:48:31"}
{"level":"info","message":"App running on port 6900...","timestamp":"2024-01-15 05:49:23"}
{"level":"info","message":"Connection to Atlas successful","timestamp":"2024-01-15 05:49:24"}
{"level":"info","message":"App running on port 6900...","timestamp":"2024-01-15 05:49:36"}
{"level":"info","message":"Connection to Atlas successful","timestamp":"2024-01-15 05:49:37"}
{"level":"info","message":"App running on port 6900...","timestamp":"2024-01-15 06:57:27"}
{"level":"info","message":"Connection to Atlas successful","timestamp":"2024-01-15 06:57:28"}
{"level":"info","message":"App running on port 6900...","timestamp":"2024-01-15 06:59:59"}
{"level":"info","message":"Connection to Atlas successful","timestamp":"2024-01-15 07:00:00"}
{"level":"info","message":"Email sent","timestamp":"2024-01-15 07:01:27"}
{"level":"info","message":"App running on port 6900...","timestamp":"2024-01-15 07:08:24"}
{"level":"info","message":"Connection to Atlas successful","timestamp":"2024-01-15 07:08:25"}
{"level":"info","message":"Email sent","timestamp":"2024-01-15 07:28:07"}
{"level":"info","message":{"exp":1705280725,"iat":1705269925,"id":"65a45aa330e2293feace8a06"},"timestamp":"2024-01-15 07:31:21"}
{"level":"info","message":"Email sent","timestamp":"2024-01-15 07:31:46"}
{"level":"info","message":"App running on port 6900...","timestamp":"2024-01-15 07:33:16"}
{"level":"info","message":"Connection to Atlas successful","timestamp":"2024-01-15 07:33:17"}
{"level":"info","message":"App running on port 6900...","timestamp":"2024-01-15 07:33:30"}
{"level":"info","message":"Connection to Atlas successful","timestamp":"2024-01-15 07:33:30"}
{"level":"info","message":"Email sent","timestamp":"2024-01-15 07:33:35"}
{"level":"info","message":"Email sent","timestamp":"2024-01-15 07:38:30"}
{"level":"info","message":"App running on port 6900...","timestamp":"2024-01-15 07:42:44"}
{"level":"info","message":"Connection to Atlas successful","timestamp":"2024-01-15 07:42:45"}
{"level":"info","message":"Email sent","timestamp":"2024-01-15 07:45:03"}
{"level":"info","message":"App running on port 6900...","timestamp":"2024-01-15 07:46:00"}
{"level":"info","message":"Connection to Atlas successful","timestamp":"2024-01-15 07:46:01"}
{"level":"info","message":"Email sent","timestamp":"2024-01-15 07:46:48"}
{"level":"info","message":"App running on port 6900...","timestamp":"2024-01-15 07:48:55"}
{"level":"info","message":"Connection to Atlas successful","timestamp":"2024-01-15 07:48:56"}
{"level":"info","message":"App running on port 6900...","timestamp":"2024-01-15 07:49:14"}
{"level":"info","message":"Connection to Atlas successful","timestamp":"2024-01-15 07:49:15"}
{"level":"info","message":{"exp":1705290520,"iat":1705279720,"id":"65a4807355ecb1b6bf1ad484"},"timestamp":"2024-01-15 07:51:51"}
{"level":"info","message":{"exp":1705290520,"iat":1705279720,"id":"65a4807355ecb1b6bf1ad484"},"timestamp":"2024-01-15 07:51:51"}
{"level":"info","message":{"exp":1705290520,"iat":1705279720,"id":"65a4807355ecb1b6bf1ad484"},"timestamp":"2024-01-15 07:56:36"}
{"level":"info","message":{"exp":1705290520,"iat":1705279720,"id":"65a4807355ecb1b6bf1ad484"},"timestamp":"2024-01-15 07:56:37"}
{"level":"info","message":"Email sent","timestamp":"2024-01-15 08:03:31"}
{"level":"info","message":"Email sent","timestamp":"2024-01-15 08:04:18"}
