
{
    "date": "Thu Dec 14 2023 08:07:27 GMT+0700 (Indochina Time)",
    "error": {
        "diagnosticCodes": [
            4111,
            4111,
            4111,
            4111,
            4111,
            4111,
            4111,
            4111
        ]
    },
    "exception": true,
    "level": "error",
    "message": "uncaughtException: ⨯ Unable to compile TypeScript:\n\u001b[96msrc/utils/variables/Env.ts\u001b[0m:\u001b[93m6\u001b[0m:\u001b[93m41\u001b[0m - \u001b[91merror\u001b[0m\u001b[90m TS4111: \u001b[0mProperty 'NODE_ENV' comes from an index signature, so it must be accessed with ['NODE_ENV'].\r\n\r\n\u001b[7m6\u001b[0m   static NODE_ENV: string = process.env.NODE_ENV || \"production\";\r\n\u001b[7m \u001b[0m \u001b[91m                                        ~~~~~~~~\u001b[0m\r\n\u001b[96msrc/utils/variables/Env.ts\u001b[0m:\u001b[93m7\u001b[0m:\u001b[93m37\u001b[0m - \u001b[91merror\u001b[0m\u001b[90m TS4111: \u001b[0mProperty 'PORT' comes from an index signature, so it must be accessed with ['PORT'].\r\n\r\n\u001b[7m7\u001b[0m   static PORT: number = process.env.PORT ? parseInt(process.env.PORT) : 5000;\r\n\u001b[7m \u001b[0m \u001b[91m                                    ~~~~\u001b[0m\r\n\u001b[96msrc/utils/variables/Env.ts\u001b[0m:\u001b[93m7\u001b[0m:\u001b[93m65\u001b[0m - \u001b[91merror\u001b[0m\u001b[90m TS4111: \u001b[0mProperty 'PORT' comes from an index signature, so it must be accessed with ['PORT'].\r\n\r\n\u001b[7m7\u001b[0m   static PORT: number = process.env.PORT ? parseInt(process.env.PORT) : 5000;\r\n\u001b[7m \u001b[0m \u001b[91m                                                                ~~~~\u001b[0m\r\n\u001b[96msrc/utils/variables/Env.ts\u001b[0m:\u001b[93m8\u001b[0m:\u001b[93m41\u001b[0m - \u001b[91merror\u001b[0m\u001b[90m TS4111: \u001b[0mProperty 'DATABASE' comes from an index signature, so it must be accessed with ['DATABASE'].\r\n\r\n\u001b[7m8\u001b[0m   static DATABASE: string = process.env.DATABASE || \"localhost\";\r\n\u001b[7m \u001b[0m \u001b[91m                                        ~~~~~~~~\u001b[0m\r\n\u001b[96msrc/utils/variables/Env.ts\u001b[0m:\u001b[93m9\u001b[0m:\u001b[93m50\u001b[0m - \u001b[91merror\u001b[0m\u001b[90m TS4111: \u001b[0mProperty 'DATABASE_PASSWORD' comes from an index signature, so it must be accessed with ['DATABASE_PASSWORD'].\r\n\r\n\u001b[7m9\u001b[0m   static DATABASE_PASSWORD: string = process.env.DATABASE_PASSWORD || \"ga ada\";\r\n\u001b[7m \u001b[0m \u001b[91m                                                 ~~~~~~~~~~~~~~~~~\u001b[0m\r\n\u001b[96msrc/utils/variables/Env.ts\u001b[0m:\u001b[93m10\u001b[0m:\u001b[93m43\u001b[0m - \u001b[91merror\u001b[0m\u001b[90m TS4111: \u001b[0mProperty 'JWT_SECRET' comes from an index signature, so it must be accessed with ['JWT_SECRET'].\r\n\r\n\u001b[7m10\u001b[0m   static JWT_SECRET: string = process.env.JWT_SECRET || \"ga ada\";\r\n\u001b[7m  \u001b[0m \u001b[91m                                          ~~~~~~~~~~\u001b[0m\r\n\u001b[96msrc/utils/variables/Env.ts\u001b[0m:\u001b[93m11\u001b[0m:\u001b[93m43\u001b[0m - \u001b[91merror\u001b[0m\u001b[90m TS4111: \u001b[0mProperty 'JWT_EXPIRE' comes from an index signature, so it must be accessed with ['JWT_EXPIRE'].\r\n\r\n\u001b[7m11\u001b[0m   static JWT_EXPIRE: string = process.env.JWT_EXPIRE || \"30d\";\r\n\u001b[7m  \u001b[0m \u001b[91m                                          ~~~~~~~~~~\u001b[0m\r\n\u001b[96msrc/utils/variables/Env.ts\u001b[0m:\u001b[93m12\u001b[0m:\u001b[93m54\u001b[0m - \u001b[91merror\u001b[0m\u001b[90m TS4111: \u001b[0mProperty 'COOKIE_EXPIRE' comes from an index signature, so it must be accessed with ['COOKIE_EXPIRE'].\r\n\r\n\u001b[7m12\u001b[0m   static JWT_COOKIE_EXPIRES_IN: string = process.env.COOKIE_EXPIRE || \"5\";\r\n\u001b[7m  \u001b[0m \u001b[91m                                                     ~~~~~~~~~~~~~\u001b[0m\r\n\nTSError: ⨯ Unable to compile TypeScript:\n\u001b[96msrc/utils/variables/Env.ts\u001b[0m:\u001b[93m6\u001b[0m:\u001b[93m41\u001b[0m - \u001b[91merror\u001b[0m\u001b[90m TS4111: \u001b[0mProperty 'NODE_ENV' comes from an index signature, so it must be accessed with ['NODE_ENV'].\r\n\r\n\u001b[7m6\u001b[0m   static NODE_ENV: string = process.env.NODE_ENV || \"production\";\r\n\u001b[7m \u001b[0m \u001b[91m                                        ~~~~~~~~\u001b[0m\r\n\u001b[96msrc/utils/variables/Env.ts\u001b[0m:\u001b[93m7\u001b[0m:\u001b[93m37\u001b[0m - \u001b[91merror\u001b[0m\u001b[90m TS4111: \u001b[0mProperty 'PORT' comes from an index signature, so it must be accessed with ['PORT'].\r\n\r\n\u001b[7m7\u001b[0m   static PORT: number = process.env.PORT ? parseInt(process.env.PORT) : 5000;\r\n\u001b[7m \u001b[0m \u001b[91m                                    ~~~~\u001b[0m\r\n\u001b[96msrc/utils/variables/Env.ts\u001b[0m:\u001b[93m7\u001b[0m:\u001b[93m65\u001b[0m - \u001b[91merror\u001b[0m\u001b[90m TS4111: \u001b[0mProperty 'PORT' comes from an index signature, so it must be accessed with ['PORT'].\r\n\r\n\u001b[7m7\u001b[0m   static PORT: number = process.env.PORT ? parseInt(process.env.PORT) : 5000;\r\n\u001b[7m \u001b[0m \u001b[91m                                                                ~~~~\u001b[0m\r\n\u001b[96msrc/utils/variables/Env.ts\u001b[0m:\u001b[93m8\u001b[0m:\u001b[93m41\u001b[0m - \u001b[91merror\u001b[0m\u001b[90m TS4111: \u001b[0mProperty 'DATABASE' comes from an index signature, so it must be accessed with ['DATABASE'].\r\n\r\n\u001b[7m8\u001b[0m   static DATABASE: string = process.env.DATABASE || \"localhost\";\r\n\u001b[7m \u001b[0m \u001b[91m                                        ~~~~~~~~\u001b[0m\r\n\u001b[96msrc/utils/variables/Env.ts\u001b[0m:\u001b[93m9\u001b[0m:\u001b[93m50\u001b[0m - \u001b[91merror\u001b[0m\u001b[90m TS4111: \u001b[0mProperty 'DATABASE_PASSWORD' comes from an index signature, so it must be accessed with ['DATABASE_PASSWORD'].\r\n\r\n\u001b[7m9\u001b[0m   static DATABASE_PASSWORD: string = process.env.DATABASE_PASSWORD || \"ga ada\";\r\n\u001b[7m \u001b[0m \u001b[91m                                                 ~~~~~~~~~~~~~~~~~\u001b[0m\r\n\u001b[96msrc/utils/variables/Env.ts\u001b[0m:\u001b[93m10\u001b[0m:\u001b[93m43\u001b[0m - \u001b[91merror\u001b[0m\u001b[90m TS4111: \u001b[0mProperty 'JWT_SECRET' comes from an index signature, so it must be accessed with ['JWT_SECRET'].\r\n\r\n\u001b[7m10\u001b[0m   static JWT_SECRET: string = process.env.JWT_SECRET || \"ga ada\";\r\n\u001b[7m  \u001b[0m \u001b[91m                                          ~~~~~~~~~~\u001b[0m\r\n\u001b[96msrc/utils/variables/Env.ts\u001b[0m:\u001b[93m11\u001b[0m:\u001b[93m43\u001b[0m - \u001b[91merror\u001b[0m\u001b[90m TS4111: \u001b[0mProperty 'JWT_EXPIRE' comes from an index signature, so it must be accessed with ['JWT_EXPIRE'].\r\n\r\n\u001b[7m11\u001b[0m   static JWT_EXPIRE: string = process.env.JWT_EXPIRE || \"30d\";\r\n\u001b[7m  \u001b[0m \u001b[91m                                          ~~~~~~~~~~\u001b[0m\r\n\u001b[96msrc/utils/variables/Env.ts\u001b[0m:\u001b[93m12\u001b[0m:\u001b[93m54\u001b[0m - \u001b[91merror\u001b[0m\u001b[90m TS4111: \u001b[0mProperty 'COOKIE_EXPIRE' comes from an index signature, so it must be accessed with ['COOKIE_EXPIRE'].\r\n\r\n\u001b[7m12\u001b[0m   static JWT_COOKIE_EXPIRES_IN: string = process.env.COOKIE_EXPIRE || \"5\";\r\n\u001b[7m  \u001b[0m \u001b[91m                                                     ~~~~~~~~~~~~~\u001b[0m\r\n\n    at createTSError (D:\\Habib Folder\\01 - DW stage 2\\14 - The Acupunture Needs\\TAN-Backend\\node_modules\\ts-node\\src\\index.ts:859:12)\n    at reportTSError (D:\\Habib Folder\\01 - DW stage 2\\14 - The Acupunture Needs\\TAN-Backend\\node_modules\\ts-node\\src\\index.ts:863:19)\n    at getOutput (D:\\Habib Folder\\01 - DW stage 2\\14 - The Acupunture Needs\\TAN-Backend\\node_modules\\ts-node\\src\\index.ts:1077:36)\n    at Object.compile (D:\\Habib Folder\\01 - DW stage 2\\14 - The Acupunture Needs\\TAN-Backend\\node_modules\\ts-node\\src\\index.ts:1433:41)\n    at Module.m._compile (D:\\Habib Folder\\01 - DW stage 2\\14 - The Acupunture Needs\\TAN-Backend\\node_modules\\ts-node\\src\\index.ts:1617:30)\n    at Module._extensions..js (node:internal/modules/cjs/loader:1310:10)\n    at Object.require.extensions.<computed> [as .ts] (D:\\Habib Folder\\01 - DW stage 2\\14 - The Acupunture Needs\\TAN-Backend\\node_modules\\ts-node\\src\\index.ts:1621:12)\n    at Module.load (node:internal/modules/cjs/loader:1119:32)\n    at Function.Module._load (node:internal/modules/cjs/loader:960:12)\n    at Module.require (node:internal/modules/cjs/loader:1143:19)",
    "os": {
        "loadavg": [
            0,
            0,
            0
        ],
        "uptime": 4161.875
    },
    "process": {
        "argv": [
            "D:\\Habib Folder\\01 - DW stage 2\\14 - The Acupunture Needs\\TAN-Backend\\node_modules\\ts-node\\dist\\bin.js",
            "D:\\Habib Folder\\01 - DW stage 2\\14 - The Acupunture Needs\\TAN-Backend\\src\\server.ts"
        ],
        "cwd": "D:\\Habib Folder\\01 - DW stage 2\\14 - The Acupunture Needs\\TAN-Backend",
        "execPath": "C:\\Program Files\\nodejs\\node.exe",
        "gid": null,
        "memoryUsage": {
            "arrayBuffers": 20779617,
            "external": 23861796,
            "heapTotal": 229240832,
            "heapUsed": 195966328,
            "rss": 276553728
        },
        "pid": 12704,
        "uid": null,
        "version": "v18.17.1"
    },
    "stack": "TSError: ⨯ Unable to compile TypeScript:\n\u001b[96msrc/utils/variables/Env.ts\u001b[0m:\u001b[93m6\u001b[0m:\u001b[93m41\u001b[0m - \u001b[91merror\u001b[0m\u001b[90m TS4111: \u001b[0mProperty 'NODE_ENV' comes from an index signature, so it must be accessed with ['NODE_ENV'].\r\n\r\n\u001b[7m6\u001b[0m   static NODE_ENV: string = process.env.NODE_ENV || \"production\";\r\n\u001b[7m \u001b[0m \u001b[91m                                        ~~~~~~~~\u001b[0m\r\n\u001b[96msrc/utils/variables/Env.ts\u001b[0m:\u001b[93m7\u001b[0m:\u001b[93m37\u001b[0m - \u001b[91merror\u001b[0m\u001b[90m TS4111: \u001b[0mProperty 'PORT' comes from an index signature, so it must be accessed with ['PORT'].\r\n\r\n\u001b[7m7\u001b[0m   static PORT: number = process.env.PORT ? parseInt(process.env.PORT) : 5000;\r\n\u001b[7m \u001b[0m \u001b[91m                                    ~~~~\u001b[0m\r\n\u001b[96msrc/utils/variables/Env.ts\u001b[0m:\u001b[93m7\u001b[0m:\u001b[93m65\u001b[0m - \u001b[91merror\u001b[0m\u001b[90m TS4111: \u001b[0mProperty 'PORT' comes from an index signature, so it must be accessed with ['PORT'].\r\n\r\n\u001b[7m7\u001b[0m   static PORT: number = process.env.PORT ? parseInt(process.env.PORT) : 5000;\r\n\u001b[7m \u001b[0m \u001b[91m                                                                ~~~~\u001b[0m\r\n\u001b[96msrc/utils/variables/Env.ts\u001b[0m:\u001b[93m8\u001b[0m:\u001b[93m41\u001b[0m - \u001b[91merror\u001b[0m\u001b[90m TS4111: \u001b[0mProperty 'DATABASE' comes from an index signature, so it must be accessed with ['DATABASE'].\r\n\r\n\u001b[7m8\u001b[0m   static DATABASE: string = process.env.DATABASE || \"localhost\";\r\n\u001b[7m \u001b[0m \u001b[91m                                        ~~~~~~~~\u001b[0m\r\n\u001b[96msrc/utils/variables/Env.ts\u001b[0m:\u001b[93m9\u001b[0m:\u001b[93m50\u001b[0m - \u001b[91merror\u001b[0m\u001b[90m TS4111: \u001b[0mProperty 'DATABASE_PASSWORD' comes from an index signature, so it must be accessed with ['DATABASE_PASSWORD'].\r\n\r\n\u001b[7m9\u001b[0m   static DATABASE_PASSWORD: string = process.env.DATABASE_PASSWORD || \"ga ada\";\r\n\u001b[7m \u001b[0m \u001b[91m                                                 ~~~~~~~~~~~~~~~~~\u001b[0m\r\n\u001b[96msrc/utils/variables/Env.ts\u001b[0m:\u001b[93m10\u001b[0m:\u001b[93m43\u001b[0m - \u001b[91merror\u001b[0m\u001b[90m TS4111: \u001b[0mProperty 'JWT_SECRET' comes from an index signature, so it must be accessed with ['JWT_SECRET'].\r\n\r\n\u001b[7m10\u001b[0m   static JWT_SECRET: string = process.env.JWT_SECRET || \"ga ada\";\r\n\u001b[7m  \u001b[0m \u001b[91m                                          ~~~~~~~~~~\u001b[0m\r\n\u001b[96msrc/utils/variables/Env.ts\u001b[0m:\u001b[93m11\u001b[0m:\u001b[93m43\u001b[0m - \u001b[91merror\u001b[0m\u001b[90m TS4111: \u001b[0mProperty 'JWT_EXPIRE' comes from an index signature, so it must be accessed with ['JWT_EXPIRE'].\r\n\r\n\u001b[7m11\u001b[0m   static JWT_EXPIRE: string = process.env.JWT_EXPIRE || \"30d\";\r\n\u001b[7m  \u001b[0m \u001b[91m                                          ~~~~~~~~~~\u001b[0m\r\n\u001b[96msrc/utils/variables/Env.ts\u001b[0m:\u001b[93m12\u001b[0m:\u001b[93m54\u001b[0m - \u001b[91merror\u001b[0m\u001b[90m TS4111: \u001b[0mProperty 'COOKIE_EXPIRE' comes from an index signature, so it must be accessed with ['COOKIE_EXPIRE'].\r\n\r\n\u001b[7m12\u001b[0m   static JWT_COOKIE_EXPIRES_IN: string = process.env.COOKIE_EXPIRE || \"5\";\r\n\u001b[7m  \u001b[0m \u001b[91m                                                     ~~~~~~~~~~~~~\u001b[0m\r\n\n    at createTSError (D:\\Habib Folder\\01 - DW stage 2\\14 - The Acupunture Needs\\TAN-Backend\\node_modules\\ts-node\\src\\index.ts:859:12)\n    at reportTSError (D:\\Habib Folder\\01 - DW stage 2\\14 - The Acupunture Needs\\TAN-Backend\\node_modules\\ts-node\\src\\index.ts:863:19)\n    at getOutput (D:\\Habib Folder\\01 - DW stage 2\\14 - The Acupunture Needs\\TAN-Backend\\node_modules\\ts-node\\src\\index.ts:1077:36)\n    at Object.compile (D:\\Habib Folder\\01 - DW stage 2\\14 - The Acupunture Needs\\TAN-Backend\\node_modules\\ts-node\\src\\index.ts:1433:41)\n    at Module.m._compile (D:\\Habib Folder\\01 - DW stage 2\\14 - The Acupunture Needs\\TAN-Backend\\node_modules\\ts-node\\src\\index.ts:1617:30)\n    at Module._extensions..js (node:internal/modules/cjs/loader:1310:10)\n    at Object.require.extensions.<computed> [as .ts] (D:\\Habib Folder\\01 - DW stage 2\\14 - The Acupunture Needs\\TAN-Backend\\node_modules\\ts-node\\src\\index.ts:1621:12)\n    at Module.load (node:internal/modules/cjs/loader:1119:32)\n    at Function.Module._load (node:internal/modules/cjs/loader:960:12)\n    at Module.require (node:internal/modules/cjs/loader:1143:19)",
    "timestamp": "2023-12-14 08:07:27",
    "trace": [
        {
            "column": 12,
            "file": "D:\\Habib Folder\\01 - DW stage 2\\14 - The Acupunture Needs\\TAN-Backend\\node_modules\\ts-node\\src\\index.ts",
            "function": "createTSError",
            "line": 859,
            "method": null,
            "native": false
        },
        {
            "column": 19,
            "file": "D:\\Habib Folder\\01 - DW stage 2\\14 - The Acupunture Needs\\TAN-Backend\\node_modules\\ts-node\\src\\index.ts",
            "function": "reportTSError",
            "line": 863,
            "method": null,
            "native": false
        },
        {
            "column": 36,
            "file": "D:\\Habib Folder\\01 - DW stage 2\\14 - The Acupunture Needs\\TAN-Backend\\node_modules\\ts-node\\src\\index.ts",
            "function": "getOutput",
            "line": 1077,
            "method": null,
            "native": false
        },
        {
            "column": 41,
            "file": "D:\\Habib Folder\\01 - DW stage 2\\14 - The Acupunture Needs\\TAN-Backend\\node_modules\\ts-node\\src\\index.ts",
            "function": "Object.compile",
            "line": 1433,
            "method": "compile",
            "native": false
        },
        {
            "column": 30,
            "file": "D:\\Habib Folder\\01 - DW stage 2\\14 - The Acupunture Needs\\TAN-Backend\\node_modules\\ts-node\\src\\index.ts",
            "function": "Module.m._compile",
            "line": 1617,
            "method": "_compile",
            "native": false
        },
        {
            "column": 10,
            "file": "node:internal/modules/cjs/loader",
            "function": "Module._extensions..js",
            "line": 1310,
            "method": ".js",
            "native": false
        },
        {
            "column": 12,
            "file": "D:\\Habib Folder\\01 - DW stage 2\\14 - The Acupunture Needs\\TAN-Backend\\node_modules\\ts-node\\src\\index.ts",
            "function": "Object.require.extensions.<computed> [as .ts]",
            "line": 1621,
            "method": "ts]",
            "native": false
        },
        {
            "column": 32,
            "file": "node:internal/modules/cjs/loader",
            "function": "Module.load",
            "line": 1119,
            "method": "load",
            "native": false
        },
        {
            "column": 12,
            "file": "node:internal/modules/cjs/loader",
            "function": "Module._load",
            "line": 960,
            "method": "_load",
            "native": false
        },
        {
            "column": 19,
            "file": "node:internal/modules/cjs/loader",
            "function": "Module.require",
            "line": 1143,
            "method": "require",
            "native": false
        }
    ]
}

{
    "date": "Thu Dec 14 2023 08:07:48 GMT+0700 (Indochina Time)",
    "error": {
        "diagnosticCodes": [
            4111,
            4111,
            4111,
            4111,
            4111,
            4111,
            4111,
            4111
        ]
    },
    "exception": true,
    "level": "error",
    "message": "uncaughtException: ⨯ Unable to compile TypeScript:\n\u001b[96msrc/utils/variables/Env.ts\u001b[0m:\u001b[93m6\u001b[0m:\u001b[93m41\u001b[0m - \u001b[91merror\u001b[0m\u001b[90m TS4111: \u001b[0mProperty 'NODE_ENV' comes from an index signature, so it must be accessed with ['NODE_ENV'].\r\n\r\n\u001b[7m6\u001b[0m   static NODE_ENV: string = process.env.NODE_ENV || \"production\";\r\n\u001b[7m \u001b[0m \u001b[91m                                        ~~~~~~~~\u001b[0m\r\n\u001b[96msrc/utils/variables/Env.ts\u001b[0m:\u001b[93m7\u001b[0m:\u001b[93m37\u001b[0m - \u001b[91merror\u001b[0m\u001b[90m TS4111: \u001b[0mProperty 'PORT' comes from an index signature, so it must be accessed with ['PORT'].\r\n\r\n\u001b[7m7\u001b[0m   static PORT: number = process.env.PORT ? parseInt(process.env.PORT) : 5000;\r\n\u001b[7m \u001b[0m \u001b[91m                                    ~~~~\u001b[0m\r\n\u001b[96msrc/utils/variables/Env.ts\u001b[0m:\u001b[93m7\u001b[0m:\u001b[93m65\u001b[0m - \u001b[91merror\u001b[0m\u001b[90m TS4111: \u001b[0mProperty 'PORT' comes from an index signature, so it must be accessed with ['PORT'].\r\n\r\n\u001b[7m7\u001b[0m   static PORT: number = process.env.PORT ? parseInt(process.env.PORT) : 5000;\r\n\u001b[7m \u001b[0m \u001b[91m                                                                ~~~~\u001b[0m\r\n\u001b[96msrc/utils/variables/Env.ts\u001b[0m:\u001b[93m8\u001b[0m:\u001b[93m41\u001b[0m - \u001b[91merror\u001b[0m\u001b[90m TS4111: \u001b[0mProperty 'DATABASE' comes from an index signature, so it must be accessed with ['DATABASE'].\r\n\r\n\u001b[7m8\u001b[0m   static DATABASE: string = process.env.DATABASE || \"localhost\";\r\n\u001b[7m \u001b[0m \u001b[91m                                        ~~~~~~~~\u001b[0m\r\n\u001b[96msrc/utils/variables/Env.ts\u001b[0m:\u001b[93m9\u001b[0m:\u001b[93m50\u001b[0m - \u001b[91merror\u001b[0m\u001b[90m TS4111: \u001b[0mProperty 'DATABASE_PASSWORD' comes from an index signature, so it must be accessed with ['DATABASE_PASSWORD'].\r\n\r\n\u001b[7m9\u001b[0m   static DATABASE_PASSWORD: string = process.env.DATABASE_PASSWORD || \"ga ada\";\r\n\u001b[7m \u001b[0m \u001b[91m                                                 ~~~~~~~~~~~~~~~~~\u001b[0m\r\n\u001b[96msrc/utils/variables/Env.ts\u001b[0m:\u001b[93m10\u001b[0m:\u001b[93m43\u001b[0m - \u001b[91merror\u001b[0m\u001b[90m TS4111: \u001b[0mProperty 'JWT_SECRET' comes from an index signature, so it must be accessed with ['JWT_SECRET'].\r\n\r\n\u001b[7m10\u001b[0m   static JWT_SECRET: string = process.env.JWT_SECRET || \"ga ada\";\r\n\u001b[7m  \u001b[0m \u001b[91m                                          ~~~~~~~~~~\u001b[0m\r\n\u001b[96msrc/utils/variables/Env.ts\u001b[0m:\u001b[93m11\u001b[0m:\u001b[93m43\u001b[0m - \u001b[91merror\u001b[0m\u001b[90m TS4111: \u001b[0mProperty 'JWT_EXPIRE' comes from an index signature, so it must be accessed with ['JWT_EXPIRE'].\r\n\r\n\u001b[7m11\u001b[0m   static JWT_EXPIRE: string = process.env.JWT_EXPIRE || \"30d\";\r\n\u001b[7m  \u001b[0m \u001b[91m                                          ~~~~~~~~~~\u001b[0m\r\n\u001b[96msrc/utils/variables/Env.ts\u001b[0m:\u001b[93m12\u001b[0m:\u001b[93m54\u001b[0m - \u001b[91merror\u001b[0m\u001b[90m TS4111: \u001b[0mProperty 'COOKIE_EXPIRE' comes from an index signature, so it must be accessed with ['COOKIE_EXPIRE'].\r\n\r\n\u001b[7m12\u001b[0m   static JWT_COOKIE_EXPIRES_IN: string = process.env.COOKIE_EXPIRE || \"5\";\r\n\u001b[7m  \u001b[0m \u001b[91m                                                     ~~~~~~~~~~~~~\u001b[0m\r\n\nTSError: ⨯ Unable to compile TypeScript:\n\u001b[96msrc/utils/variables/Env.ts\u001b[0m:\u001b[93m6\u001b[0m:\u001b[93m41\u001b[0m - \u001b[91merror\u001b[0m\u001b[90m TS4111: \u001b[0mProperty 'NODE_ENV' comes from an index signature, so it must be accessed with ['NODE_ENV'].\r\n\r\n\u001b[7m6\u001b[0m   static NODE_ENV: string = process.env.NODE_ENV || \"production\";\r\n\u001b[7m \u001b[0m \u001b[91m                                        ~~~~~~~~\u001b[0m\r\n\u001b[96msrc/utils/variables/Env.ts\u001b[0m:\u001b[93m7\u001b[0m:\u001b[93m37\u001b[0m - \u001b[91merror\u001b[0m\u001b[90m TS4111: \u001b[0mProperty 'PORT' comes from an index signature, so it must be accessed with ['PORT'].\r\n\r\n\u001b[7m7\u001b[0m   static PORT: number = process.env.PORT ? parseInt(process.env.PORT) : 5000;\r\n\u001b[7m \u001b[0m \u001b[91m                                    ~~~~\u001b[0m\r\n\u001b[96msrc/utils/variables/Env.ts\u001b[0m:\u001b[93m7\u001b[0m:\u001b[93m65\u001b[0m - \u001b[91merror\u001b[0m\u001b[90m TS4111: \u001b[0mProperty 'PORT' comes from an index signature, so it must be accessed with ['PORT'].\r\n\r\n\u001b[7m7\u001b[0m   static PORT: number = process.env.PORT ? parseInt(process.env.PORT) : 5000;\r\n\u001b[7m \u001b[0m \u001b[91m                                                                ~~~~\u001b[0m\r\n\u001b[96msrc/utils/variables/Env.ts\u001b[0m:\u001b[93m8\u001b[0m:\u001b[93m41\u001b[0m - \u001b[91merror\u001b[0m\u001b[90m TS4111: \u001b[0mProperty 'DATABASE' comes from an index signature, so it must be accessed with ['DATABASE'].\r\n\r\n\u001b[7m8\u001b[0m   static DATABASE: string = process.env.DATABASE || \"localhost\";\r\n\u001b[7m \u001b[0m \u001b[91m                                        ~~~~~~~~\u001b[0m\r\n\u001b[96msrc/utils/variables/Env.ts\u001b[0m:\u001b[93m9\u001b[0m:\u001b[93m50\u001b[0m - \u001b[91merror\u001b[0m\u001b[90m TS4111: \u001b[0mProperty 'DATABASE_PASSWORD' comes from an index signature, so it must be accessed with ['DATABASE_PASSWORD'].\r\n\r\n\u001b[7m9\u001b[0m   static DATABASE_PASSWORD: string = process.env.DATABASE_PASSWORD || \"ga ada\";\r\n\u001b[7m \u001b[0m \u001b[91m                                                 ~~~~~~~~~~~~~~~~~\u001b[0m\r\n\u001b[96msrc/utils/variables/Env.ts\u001b[0m:\u001b[93m10\u001b[0m:\u001b[93m43\u001b[0m - \u001b[91merror\u001b[0m\u001b[90m TS4111: \u001b[0mProperty 'JWT_SECRET' comes from an index signature, so it must be accessed with ['JWT_SECRET'].\r\n\r\n\u001b[7m10\u001b[0m   static JWT_SECRET: string = process.env.JWT_SECRET || \"ga ada\";\r\n\u001b[7m  \u001b[0m \u001b[91m                                          ~~~~~~~~~~\u001b[0m\r\n\u001b[96msrc/utils/variables/Env.ts\u001b[0m:\u001b[93m11\u001b[0m:\u001b[93m43\u001b[0m - \u001b[91merror\u001b[0m\u001b[90m TS4111: \u001b[0mProperty 'JWT_EXPIRE' comes from an index signature, so it must be accessed with ['JWT_EXPIRE'].\r\n\r\n\u001b[7m11\u001b[0m   static JWT_EXPIRE: string = process.env.JWT_EXPIRE || \"30d\";\r\n\u001b[7m  \u001b[0m \u001b[91m                                          ~~~~~~~~~~\u001b[0m\r\n\u001b[96msrc/utils/variables/Env.ts\u001b[0m:\u001b[93m12\u001b[0m:\u001b[93m54\u001b[0m - \u001b[91merror\u001b[0m\u001b[90m TS4111: \u001b[0mProperty 'COOKIE_EXPIRE' comes from an index signature, so it must be accessed with ['COOKIE_EXPIRE'].\r\n\r\n\u001b[7m12\u001b[0m   static JWT_COOKIE_EXPIRES_IN: string = process.env.COOKIE_EXPIRE || \"5\";\r\n\u001b[7m  \u001b[0m \u001b[91m                                                     ~~~~~~~~~~~~~\u001b[0m\r\n\n    at createTSError (D:\\Habib Folder\\01 - DW stage 2\\14 - The Acupunture Needs\\TAN-Backend\\node_modules\\ts-node\\src\\index.ts:859:12)\n    at reportTSError (D:\\Habib Folder\\01 - DW stage 2\\14 - The Acupunture Needs\\TAN-Backend\\node_modules\\ts-node\\src\\index.ts:863:19)\n    at getOutput (D:\\Habib Folder\\01 - DW stage 2\\14 - The Acupunture Needs\\TAN-Backend\\node_modules\\ts-node\\src\\index.ts:1077:36)\n    at Object.compile (D:\\Habib Folder\\01 - DW stage 2\\14 - The Acupunture Needs\\TAN-Backend\\node_modules\\ts-node\\src\\index.ts:1433:41)\n    at Module.m._compile (D:\\Habib Folder\\01 - DW stage 2\\14 - The Acupunture Needs\\TAN-Backend\\node_modules\\ts-node\\src\\index.ts:1617:30)\n    at Module._extensions..js (node:internal/modules/cjs/loader:1310:10)\n    at Object.require.extensions.<computed> [as .ts] (D:\\Habib Folder\\01 - DW stage 2\\14 - The Acupunture Needs\\TAN-Backend\\node_modules\\ts-node\\src\\index.ts:1621:12)\n    at Module.load (node:internal/modules/cjs/loader:1119:32)\n    at Function.Module._load (node:internal/modules/cjs/loader:960:12)\n    at Module.require (node:internal/modules/cjs/loader:1143:19)",
    "os": {
        "loadavg": [
            0,
            0,
            0
        ],
        "uptime": 4182.718
    },
    "process": {
        "argv": [
            "D:\\Habib Folder\\01 - DW stage 2\\14 - The Acupunture Needs\\TAN-Backend\\node_modules\\ts-node\\dist\\bin.js",
            "D:\\Habib Folder\\01 - DW stage 2\\14 - The Acupunture Needs\\TAN-Backend\\src\\server.ts"
        ],
        "cwd": "D:\\Habib Folder\\01 - DW stage 2\\14 - The Acupunture Needs\\TAN-Backend",
        "execPath": "C:\\Program Files\\nodejs\\node.exe",
        "gid": null,
        "memoryUsage": {
            "arrayBuffers": 20779681,
            "external": 23844912,
            "heapTotal": 228978688,
            "heapUsed": 196091504,
            "rss": 275689472
        },
        "pid": 2184,
        "uid": null,
        "version": "v18.17.1"
    },
    "stack": "TSError: ⨯ Unable to compile TypeScript:\n\u001b[96msrc/utils/variables/Env.ts\u001b[0m:\u001b[93m6\u001b[0m:\u001b[93m41\u001b[0m - \u001b[91merror\u001b[0m\u001b[90m TS4111: \u001b[0mProperty 'NODE_ENV' comes from an index signature, so it must be accessed with ['NODE_ENV'].\r\n\r\n\u001b[7m6\u001b[0m   static NODE_ENV: string = process.env.NODE_ENV || \"production\";\r\n\u001b[7m \u001b[0m \u001b[91m                                        ~~~~~~~~\u001b[0m\r\n\u001b[96msrc/utils/variables/Env.ts\u001b[0m:\u001b[93m7\u001b[0m:\u001b[93m37\u001b[0m - \u001b[91merror\u001b[0m\u001b[90m TS4111: \u001b[0mProperty 'PORT' comes from an index signature, so it must be accessed with ['PORT'].\r\n\r\n\u001b[7m7\u001b[0m   static PORT: number = process.env.PORT ? parseInt(process.env.PORT) : 5000;\r\n\u001b[7m \u001b[0m \u001b[91m                                    ~~~~\u001b[0m\r\n\u001b[96msrc/utils/variables/Env.ts\u001b[0m:\u001b[93m7\u001b[0m:\u001b[93m65\u001b[0m - \u001b[91merror\u001b[0m\u001b[90m TS4111: \u001b[0mProperty 'PORT' comes from an index signature, so it must be accessed with ['PORT'].\r\n\r\n\u001b[7m7\u001b[0m   static PORT: number = process.env.PORT ? parseInt(process.env.PORT) : 5000;\r\n\u001b[7m \u001b[0m \u001b[91m                                                                ~~~~\u001b[0m\r\n\u001b[96msrc/utils/variables/Env.ts\u001b[0m:\u001b[93m8\u001b[0m:\u001b[93m41\u001b[0m - \u001b[91merror\u001b[0m\u001b[90m TS4111: \u001b[0mProperty 'DATABASE' comes from an index signature, so it must be accessed with ['DATABASE'].\r\n\r\n\u001b[7m8\u001b[0m   static DATABASE: string = process.env.DATABASE || \"localhost\";\r\n\u001b[7m \u001b[0m \u001b[91m                                        ~~~~~~~~\u001b[0m\r\n\u001b[96msrc/utils/variables/Env.ts\u001b[0m:\u001b[93m9\u001b[0m:\u001b[93m50\u001b[0m - \u001b[91merror\u001b[0m\u001b[90m TS4111: \u001b[0mProperty 'DATABASE_PASSWORD' comes from an index signature, so it must be accessed with ['DATABASE_PASSWORD'].\r\n\r\n\u001b[7m9\u001b[0m   static DATABASE_PASSWORD: string = process.env.DATABASE_PASSWORD || \"ga ada\";\r\n\u001b[7m \u001b[0m \u001b[91m                                                 ~~~~~~~~~~~~~~~~~\u001b[0m\r\n\u001b[96msrc/utils/variables/Env.ts\u001b[0m:\u001b[93m10\u001b[0m:\u001b[93m43\u001b[0m - \u001b[91merror\u001b[0m\u001b[90m TS4111: \u001b[0mProperty 'JWT_SECRET' comes from an index signature, so it must be accessed with ['JWT_SECRET'].\r\n\r\n\u001b[7m10\u001b[0m   static JWT_SECRET: string = process.env.JWT_SECRET || \"ga ada\";\r\n\u001b[7m  \u001b[0m \u001b[91m                                          ~~~~~~~~~~\u001b[0m\r\n\u001b[96msrc/utils/variables/Env.ts\u001b[0m:\u001b[93m11\u001b[0m:\u001b[93m43\u001b[0m - \u001b[91merror\u001b[0m\u001b[90m TS4111: \u001b[0mProperty 'JWT_EXPIRE' comes from an index signature, so it must be accessed with ['JWT_EXPIRE'].\r\n\r\n\u001b[7m11\u001b[0m   static JWT_EXPIRE: string = process.env.JWT_EXPIRE || \"30d\";\r\n\u001b[7m  \u001b[0m \u001b[91m                                          ~~~~~~~~~~\u001b[0m\r\n\u001b[96msrc/utils/variables/Env.ts\u001b[0m:\u001b[93m12\u001b[0m:\u001b[93m54\u001b[0m - \u001b[91merror\u001b[0m\u001b[90m TS4111: \u001b[0mProperty 'COOKIE_EXPIRE' comes from an index signature, so it must be accessed with ['COOKIE_EXPIRE'].\r\n\r\n\u001b[7m12\u001b[0m   static JWT_COOKIE_EXPIRES_IN: string = process.env.COOKIE_EXPIRE || \"5\";\r\n\u001b[7m  \u001b[0m \u001b[91m                                                     ~~~~~~~~~~~~~\u001b[0m\r\n\n    at createTSError (D:\\Habib Folder\\01 - DW stage 2\\14 - The Acupunture Needs\\TAN-Backend\\node_modules\\ts-node\\src\\index.ts:859:12)\n    at reportTSError (D:\\Habib Folder\\01 - DW stage 2\\14 - The Acupunture Needs\\TAN-Backend\\node_modules\\ts-node\\src\\index.ts:863:19)\n    at getOutput (D:\\Habib Folder\\01 - DW stage 2\\14 - The Acupunture Needs\\TAN-Backend\\node_modules\\ts-node\\src\\index.ts:1077:36)\n    at Object.compile (D:\\Habib Folder\\01 - DW stage 2\\14 - The Acupunture Needs\\TAN-Backend\\node_modules\\ts-node\\src\\index.ts:1433:41)\n    at Module.m._compile (D:\\Habib Folder\\01 - DW stage 2\\14 - The Acupunture Needs\\TAN-Backend\\node_modules\\ts-node\\src\\index.ts:1617:30)\n    at Module._extensions..js (node:internal/modules/cjs/loader:1310:10)\n    at Object.require.extensions.<computed> [as .ts] (D:\\Habib Folder\\01 - DW stage 2\\14 - The Acupunture Needs\\TAN-Backend\\node_modules\\ts-node\\src\\index.ts:1621:12)\n    at Module.load (node:internal/modules/cjs/loader:1119:32)\n    at Function.Module._load (node:internal/modules/cjs/loader:960:12)\n    at Module.require (node:internal/modules/cjs/loader:1143:19)",
    "timestamp": "2023-12-14 08:07:48",
    "trace": [
        {
            "column": 12,
            "file": "D:\\Habib Folder\\01 - DW stage 2\\14 - The Acupunture Needs\\TAN-Backend\\node_modules\\ts-node\\src\\index.ts",
            "function": "createTSError",
            "line": 859,
            "method": null,
            "native": false
        },
        {
            "column": 19,
            "file": "D:\\Habib Folder\\01 - DW stage 2\\14 - The Acupunture Needs\\TAN-Backend\\node_modules\\ts-node\\src\\index.ts",
            "function": "reportTSError",
            "line": 863,
            "method": null,
            "native": false
        },
        {
            "column": 36,
            "file": "D:\\Habib Folder\\01 - DW stage 2\\14 - The Acupunture Needs\\TAN-Backend\\node_modules\\ts-node\\src\\index.ts",
            "function": "getOutput",
            "line": 1077,
            "method": null,
            "native": false
        },
        {
            "column": 41,
            "file": "D:\\Habib Folder\\01 - DW stage 2\\14 - The Acupunture Needs\\TAN-Backend\\node_modules\\ts-node\\src\\index.ts",
            "function": "Object.compile",
            "line": 1433,
            "method": "compile",
            "native": false
        },
        {
            "column": 30,
            "file": "D:\\Habib Folder\\01 - DW stage 2\\14 - The Acupunture Needs\\TAN-Backend\\node_modules\\ts-node\\src\\index.ts",
            "function": "Module.m._compile",
            "line": 1617,
            "method": "_compile",
            "native": false
        },
        {
            "column": 10,
            "file": "node:internal/modules/cjs/loader",
            "function": "Module._extensions..js",
            "line": 1310,
            "method": ".js",
            "native": false
        },
        {
            "column": 12,
            "file": "D:\\Habib Folder\\01 - DW stage 2\\14 - The Acupunture Needs\\TAN-Backend\\node_modules\\ts-node\\src\\index.ts",
            "function": "Object.require.extensions.<computed> [as .ts]",
            "line": 1621,
            "method": "ts]",
            "native": false
        },
        {
            "column": 32,
            "file": "node:internal/modules/cjs/loader",
            "function": "Module.load",
            "line": 1119,
            "method": "load",
            "native": false
        },
        {
            "column": 12,
            "file": "node:internal/modules/cjs/loader",
            "function": "Module._load",
            "line": 960,
            "method": "_load",
            "native": false
        },
        {
            "column": 19,
            "file": "node:internal/modules/cjs/loader",
            "function": "Module.require",
            "line": 1143,
            "method": "require",
            "native": false
        }
    ]
}

{
    "date": "Thu Dec 14 2023 08:08:56 GMT+0700 (Indochina Time)",
    "error": {
        "diagnosticCodes": [
            4111,
            4111,
            4111,
            4111,
            4111
        ]
    },
    "exception": true,
    "level": "error",
    "message": "uncaughtException: ⨯ Unable to compile TypeScript:\n\u001b[96msrc/utils/variables/Env.ts\u001b[0m:\u001b[93m6\u001b[0m:\u001b[93m41\u001b[0m - \u001b[91merror\u001b[0m\u001b[90m TS4111: \u001b[0mProperty 'NODE_ENV' comes from an index signature, so it must be accessed with ['NODE_ENV'].\r\n\r\n\u001b[7m6\u001b[0m   static NODE_ENV: string = process.env.NODE_ENV || \"production\";\r\n\u001b[7m \u001b[0m \u001b[91m                                        ~~~~~~~~\u001b[0m\r\n\u001b[96msrc/utils/variables/Env.ts\u001b[0m:\u001b[93m7\u001b[0m:\u001b[93m37\u001b[0m - \u001b[91merror\u001b[0m\u001b[90m TS4111: \u001b[0mProperty 'PORT' comes from an index signature, so it must be accessed with ['PORT'].\r\n\r\n\u001b[7m7\u001b[0m   static PORT: number = process.env.PORT ? parseInt(process.env.PORT) : 5000;\r\n\u001b[7m \u001b[0m \u001b[91m                                    ~~~~\u001b[0m\r\n\u001b[96msrc/utils/variables/Env.ts\u001b[0m:\u001b[93m7\u001b[0m:\u001b[93m65\u001b[0m - \u001b[91merror\u001b[0m\u001b[90m TS4111: \u001b[0mProperty 'PORT' comes from an index signature, so it must be accessed with ['PORT'].\r\n\r\n\u001b[7m7\u001b[0m   static PORT: number = process.env.PORT ? parseInt(process.env.PORT) : 5000;\r\n\u001b[7m \u001b[0m \u001b[91m                                                                ~~~~\u001b[0m\r\n\u001b[96msrc/utils/variables/Env.ts\u001b[0m:\u001b[93m8\u001b[0m:\u001b[93m41\u001b[0m - \u001b[91merror\u001b[0m\u001b[90m TS4111: \u001b[0mProperty 'DATABASE' comes from an index signature, so it must be accessed with ['DATABASE'].\r\n\r\n\u001b[7m8\u001b[0m   static DATABASE: string = process.env.DATABASE || \"localhost\";\r\n\u001b[7m \u001b[0m \u001b[91m                                        ~~~~~~~~\u001b[0m\r\n\u001b[96msrc/utils/variables/Env.ts\u001b[0m:\u001b[93m9\u001b[0m:\u001b[93m50\u001b[0m - \u001b[91merror\u001b[0m\u001b[90m TS4111: \u001b[0mProperty 'DATABASE_PASSWORD' comes from an index signature, so it must be accessed with ['DATABASE_PASSWORD'].\r\n\r\n\u001b[7m9\u001b[0m   static DATABASE_PASSWORD: string = process.env.DATABASE_PASSWORD || \"ga ada\";\r\n\u001b[7m \u001b[0m \u001b[91m                                                 ~~~~~~~~~~~~~~~~~\u001b[0m\r\n\nTSError: ⨯ Unable to compile TypeScript:\n\u001b[96msrc/utils/variables/Env.ts\u001b[0m:\u001b[93m6\u001b[0m:\u001b[93m41\u001b[0m - \u001b[91merror\u001b[0m\u001b[90m TS4111: \u001b[0mProperty 'NODE_ENV' comes from an index signature, so it must be accessed with ['NODE_ENV'].\r\n\r\n\u001b[7m6\u001b[0m   static NODE_ENV: string = process.env.NODE_ENV || \"production\";\r\n\u001b[7m \u001b[0m \u001b[91m                                        ~~~~~~~~\u001b[0m\r\n\u001b[96msrc/utils/variables/Env.ts\u001b[0m:\u001b[93m7\u001b[0m:\u001b[93m37\u001b[0m - \u001b[91merror\u001b[0m\u001b[90m TS4111: \u001b[0mProperty 'PORT' comes from an index signature, so it must be accessed with ['PORT'].\r\n\r\n\u001b[7m7\u001b[0m   static PORT: number = process.env.PORT ? parseInt(process.env.PORT) : 5000;\r\n\u001b[7m \u001b[0m \u001b[91m                                    ~~~~\u001b[0m\r\n\u001b[96msrc/utils/variables/Env.ts\u001b[0m:\u001b[93m7\u001b[0m:\u001b[93m65\u001b[0m - \u001b[91merror\u001b[0m\u001b[90m TS4111: \u001b[0mProperty 'PORT' comes from an index signature, so it must be accessed with ['PORT'].\r\n\r\n\u001b[7m7\u001b[0m   static PORT: number = process.env.PORT ? parseInt(process.env.PORT) : 5000;\r\n\u001b[7m \u001b[0m \u001b[91m                                                                ~~~~\u001b[0m\r\n\u001b[96msrc/utils/variables/Env.ts\u001b[0m:\u001b[93m8\u001b[0m:\u001b[93m41\u001b[0m - \u001b[91merror\u001b[0m\u001b[90m TS4111: \u001b[0mProperty 'DATABASE' comes from an index signature, so it must be accessed with ['DATABASE'].\r\n\r\n\u001b[7m8\u001b[0m   static DATABASE: string = process.env.DATABASE || \"localhost\";\r\n\u001b[7m \u001b[0m \u001b[91m                                        ~~~~~~~~\u001b[0m\r\n\u001b[96msrc/utils/variables/Env.ts\u001b[0m:\u001b[93m9\u001b[0m:\u001b[93m50\u001b[0m - \u001b[91merror\u001b[0m\u001b[90m TS4111: \u001b[0mProperty 'DATABASE_PASSWORD' comes from an index signature, so it must be accessed with ['DATABASE_PASSWORD'].\r\n\r\n\u001b[7m9\u001b[0m   static DATABASE_PASSWORD: string = process.env.DATABASE_PASSWORD || \"ga ada\";\r\n\u001b[7m \u001b[0m \u001b[91m                                                 ~~~~~~~~~~~~~~~~~\u001b[0m\r\n\n    at createTSError (D:\\Habib Folder\\01 - DW stage 2\\14 - The Acupunture Needs\\TAN-Backend\\node_modules\\ts-node\\src\\index.ts:859:12)\n    at reportTSError (D:\\Habib Folder\\01 - DW stage 2\\14 - The Acupunture Needs\\TAN-Backend\\node_modules\\ts-node\\src\\index.ts:863:19)\n    at getOutput (D:\\Habib Folder\\01 - DW stage 2\\14 - The Acupunture Needs\\TAN-Backend\\node_modules\\ts-node\\src\\index.ts:1077:36)\n    at Object.compile (D:\\Habib Folder\\01 - DW stage 2\\14 - The Acupunture Needs\\TAN-Backend\\node_modules\\ts-node\\src\\index.ts:1433:41)\n    at Module.m._compile (D:\\Habib Folder\\01 - DW stage 2\\14 - The Acupunture Needs\\TAN-Backend\\node_modules\\ts-node\\src\\index.ts:1617:30)\n    at Module._extensions..js (node:internal/modules/cjs/loader:1310:10)\n    at Object.require.extensions.<computed> [as .ts] (D:\\Habib Folder\\01 - DW stage 2\\14 - The Acupunture Needs\\TAN-Backend\\node_modules\\ts-node\\src\\index.ts:1621:12)\n    at Module.load (node:internal/modules/cjs/loader:1119:32)\n    at Function.Module._load (node:internal/modules/cjs/loader:960:12)\n    at Module.require (node:internal/modules/cjs/loader:1143:19)",
    "os": {
        "loadavg": [
            0,
            0,
            0
        ],
        "uptime": 4251.468
    },
    "process": {
        "argv": [
            "D:\\Habib Folder\\01 - DW stage 2\\14 - The Acupunture Needs\\TAN-Backend\\node_modules\\ts-node\\dist\\bin.js",
            "D:\\Habib Folder\\01 - DW stage 2\\14 - The Acupunture Needs\\TAN-Backend\\src\\server.ts"
        ],
        "cwd": "D:\\Habib Folder\\01 - DW stage 2\\14 - The Acupunture Needs\\TAN-Backend",
        "execPath": "C:\\Program Files\\nodejs\\node.exe",
        "gid": null,
        "memoryUsage": {
            "arrayBuffers": 20771234,
            "external": 23853413,
            "heapTotal": 229240832,
            "heapUsed": 196313192,
            "rss": 276049920
        },
        "pid": 5856,
        "uid": null,
        "version": "v18.17.1"
    },
    "stack": "TSError: ⨯ Unable to compile TypeScript:\n\u001b[96msrc/utils/variables/Env.ts\u001b[0m:\u001b[93m6\u001b[0m:\u001b[93m41\u001b[0m - \u001b[91merror\u001b[0m\u001b[90m TS4111: \u001b[0mProperty 'NODE_ENV' comes from an index signature, so it must be accessed with ['NODE_ENV'].\r\n\r\n\u001b[7m6\u001b[0m   static NODE_ENV: string = process.env.NODE_ENV || \"production\";\r\n\u001b[7m \u001b[0m \u001b[91m                                        ~~~~~~~~\u001b[0m\r\n\u001b[96msrc/utils/variables/Env.ts\u001b[0m:\u001b[93m7\u001b[0m:\u001b[93m37\u001b[0m - \u001b[91merror\u001b[0m\u001b[90m TS4111: \u001b[0mProperty 'PORT' comes from an index signature, so it must be accessed with ['PORT'].\r\n\r\n\u001b[7m7\u001b[0m   static PORT: number = process.env.PORT ? parseInt(process.env.PORT) : 5000;\r\n\u001b[7m \u001b[0m \u001b[91m                                    ~~~~\u001b[0m\r\n\u001b[96msrc/utils/variables/Env.ts\u001b[0m:\u001b[93m7\u001b[0m:\u001b[93m65\u001b[0m - \u001b[91merror\u001b[0m\u001b[90m TS4111: \u001b[0mProperty 'PORT' comes from an index signature, so it must be accessed with ['PORT'].\r\n\r\n\u001b[7m7\u001b[0m   static PORT: number = process.env.PORT ? parseInt(process.env.PORT) : 5000;\r\n\u001b[7m \u001b[0m \u001b[91m                                                                ~~~~\u001b[0m\r\n\u001b[96msrc/utils/variables/Env.ts\u001b[0m:\u001b[93m8\u001b[0m:\u001b[93m41\u001b[0m - \u001b[91merror\u001b[0m\u001b[90m TS4111: \u001b[0mProperty 'DATABASE' comes from an index signature, so it must be accessed with ['DATABASE'].\r\n\r\n\u001b[7m8\u001b[0m   static DATABASE: string = process.env.DATABASE || \"localhost\";\r\n\u001b[7m \u001b[0m \u001b[91m                                        ~~~~~~~~\u001b[0m\r\n\u001b[96msrc/utils/variables/Env.ts\u001b[0m:\u001b[93m9\u001b[0m:\u001b[93m50\u001b[0m - \u001b[91merror\u001b[0m\u001b[90m TS4111: \u001b[0mProperty 'DATABASE_PASSWORD' comes from an index signature, so it must be accessed with ['DATABASE_PASSWORD'].\r\n\r\n\u001b[7m9\u001b[0m   static DATABASE_PASSWORD: string = process.env.DATABASE_PASSWORD || \"ga ada\";\r\n\u001b[7m \u001b[0m \u001b[91m                                                 ~~~~~~~~~~~~~~~~~\u001b[0m\r\n\n    at createTSError (D:\\Habib Folder\\01 - DW stage 2\\14 - The Acupunture Needs\\TAN-Backend\\node_modules\\ts-node\\src\\index.ts:859:12)\n    at reportTSError (D:\\Habib Folder\\01 - DW stage 2\\14 - The Acupunture Needs\\TAN-Backend\\node_modules\\ts-node\\src\\index.ts:863:19)\n    at getOutput (D:\\Habib Folder\\01 - DW stage 2\\14 - The Acupunture Needs\\TAN-Backend\\node_modules\\ts-node\\src\\index.ts:1077:36)\n    at Object.compile (D:\\Habib Folder\\01 - DW stage 2\\14 - The Acupunture Needs\\TAN-Backend\\node_modules\\ts-node\\src\\index.ts:1433:41)\n    at Module.m._compile (D:\\Habib Folder\\01 - DW stage 2\\14 - The Acupunture Needs\\TAN-Backend\\node_modules\\ts-node\\src\\index.ts:1617:30)\n    at Module._extensions..js (node:internal/modules/cjs/loader:1310:10)\n    at Object.require.extensions.<computed> [as .ts] (D:\\Habib Folder\\01 - DW stage 2\\14 - The Acupunture Needs\\TAN-Backend\\node_modules\\ts-node\\src\\index.ts:1621:12)\n    at Module.load (node:internal/modules/cjs/loader:1119:32)\n    at Function.Module._load (node:internal/modules/cjs/loader:960:12)\n    at Module.require (node:internal/modules/cjs/loader:1143:19)",
    "timestamp": "2023-12-14 08:08:56",
    "trace": [
        {
            "column": 12,
            "file": "D:\\Habib Folder\\01 - DW stage 2\\14 - The Acupunture Needs\\TAN-Backend\\node_modules\\ts-node\\src\\index.ts",
            "function": "createTSError",
            "line": 859,
            "method": null,
            "native": false
        },
        {
            "column": 19,
            "file": "D:\\Habib Folder\\01 - DW stage 2\\14 - The Acupunture Needs\\TAN-Backend\\node_modules\\ts-node\\src\\index.ts",
            "function": "reportTSError",
            "line": 863,
            "method": null,
            "native": false
        },
        {
            "column": 36,
            "file": "D:\\Habib Folder\\01 - DW stage 2\\14 - The Acupunture Needs\\TAN-Backend\\node_modules\\ts-node\\src\\index.ts",
            "function": "getOutput",
            "line": 1077,
            "method": null,
            "native": false
        },
        {
            "column": 41,
            "file": "D:\\Habib Folder\\01 - DW stage 2\\14 - The Acupunture Needs\\TAN-Backend\\node_modules\\ts-node\\src\\index.ts",
            "function": "Object.compile",
            "line": 1433,
            "method": "compile",
            "native": false
        },
        {
            "column": 30,
            "file": "D:\\Habib Folder\\01 - DW stage 2\\14 - The Acupunture Needs\\TAN-Backend\\node_modules\\ts-node\\src\\index.ts",
            "function": "Module.m._compile",
            "line": 1617,
            "method": "_compile",
            "native": false
        },
        {
            "column": 10,
            "file": "node:internal/modules/cjs/loader",
            "function": "Module._extensions..js",
            "line": 1310,
            "method": ".js",
            "native": false
        },
        {
            "column": 12,
            "file": "D:\\Habib Folder\\01 - DW stage 2\\14 - The Acupunture Needs\\TAN-Backend\\node_modules\\ts-node\\src\\index.ts",
            "function": "Object.require.extensions.<computed> [as .ts]",
            "line": 1621,
            "method": "ts]",
            "native": false
        },
        {
            "column": 32,
            "file": "node:internal/modules/cjs/loader",
            "function": "Module.load",
            "line": 1119,
            "method": "load",
            "native": false
        },
        {
            "column": 12,
            "file": "node:internal/modules/cjs/loader",
            "function": "Module._load",
            "line": 960,
            "method": "_load",
            "native": false
        },
        {
            "column": 19,
            "file": "node:internal/modules/cjs/loader",
            "function": "Module.require",
            "line": 1143,
            "method": "require",
            "native": false
        }
    ]
}

{
    "date": "Thu Dec 14 2023 08:09:32 GMT+0700 (Indochina Time)",
    "error": {
        "diagnosticCodes": [
            4111,
            4111,
            4111,
            4111,
            4111
        ]
    },
    "exception": true,
    "level": "error",
    "message": "uncaughtException: ⨯ Unable to compile TypeScript:\n\u001b[96msrc/utils/variables/Env.ts\u001b[0m:\u001b[93m6\u001b[0m:\u001b[93m41\u001b[0m - \u001b[91merror\u001b[0m\u001b[90m TS4111: \u001b[0mProperty 'NODE_ENV' comes from an index signature, so it must be accessed with ['NODE_ENV'].\r\n\r\n\u001b[7m6\u001b[0m   static NODE_ENV: string = process.env.NODE_ENV || \"production\";\r\n\u001b[7m \u001b[0m \u001b[91m                                        ~~~~~~~~\u001b[0m\r\n\u001b[96msrc/utils/variables/Env.ts\u001b[0m:\u001b[93m7\u001b[0m:\u001b[93m37\u001b[0m - \u001b[91merror\u001b[0m\u001b[90m TS4111: \u001b[0mProperty 'PORT' comes from an index signature, so it must be accessed with ['PORT'].\r\n\r\n\u001b[7m7\u001b[0m   static PORT: number = process.env.PORT ? parseInt(process.env.PORT) : 5000;\r\n\u001b[7m \u001b[0m \u001b[91m                                    ~~~~\u001b[0m\r\n\u001b[96msrc/utils/variables/Env.ts\u001b[0m:\u001b[93m7\u001b[0m:\u001b[93m65\u001b[0m - \u001b[91merror\u001b[0m\u001b[90m TS4111: \u001b[0mProperty 'PORT' comes from an index signature, so it must be accessed with ['PORT'].\r\n\r\n\u001b[7m7\u001b[0m   static PORT: number = process.env.PORT ? parseInt(process.env.PORT) : 5000;\r\n\u001b[7m \u001b[0m \u001b[91m                                                                ~~~~\u001b[0m\r\n\u001b[96msrc/utils/variables/Env.ts\u001b[0m:\u001b[93m8\u001b[0m:\u001b[93m41\u001b[0m - \u001b[91merror\u001b[0m\u001b[90m TS4111: \u001b[0mProperty 'DATABASE' comes from an index signature, so it must be accessed with ['DATABASE'].\r\n\r\n\u001b[7m8\u001b[0m   static DATABASE: string = process.env.DATABASE || \"localhost\";\r\n\u001b[7m \u001b[0m \u001b[91m                                        ~~~~~~~~\u001b[0m\r\n\u001b[96msrc/utils/variables/Env.ts\u001b[0m:\u001b[93m9\u001b[0m:\u001b[93m50\u001b[0m - \u001b[91merror\u001b[0m\u001b[90m TS4111: \u001b[0mProperty 'DATABASE_PASSWORD' comes from an index signature, so it must be accessed with ['DATABASE_PASSWORD'].\r\n\r\n\u001b[7m9\u001b[0m   static DATABASE_PASSWORD: string = process.env.DATABASE_PASSWORD || \"ga ada\";\r\n\u001b[7m \u001b[0m \u001b[91m                                                 ~~~~~~~~~~~~~~~~~\u001b[0m\r\n\nTSError: ⨯ Unable to compile TypeScript:\n\u001b[96msrc/utils/variables/Env.ts\u001b[0m:\u001b[93m6\u001b[0m:\u001b[93m41\u001b[0m - \u001b[91merror\u001b[0m\u001b[90m TS4111: \u001b[0mProperty 'NODE_ENV' comes from an index signature, so it must be accessed with ['NODE_ENV'].\r\n\r\n\u001b[7m6\u001b[0m   static NODE_ENV: string = process.env.NODE_ENV || \"production\";\r\n\u001b[7m \u001b[0m \u001b[91m                                        ~~~~~~~~\u001b[0m\r\n\u001b[96msrc/utils/variables/Env.ts\u001b[0m:\u001b[93m7\u001b[0m:\u001b[93m37\u001b[0m - \u001b[91merror\u001b[0m\u001b[90m TS4111: \u001b[0mProperty 'PORT' comes from an index signature, so it must be accessed with ['PORT'].\r\n\r\n\u001b[7m7\u001b[0m   static PORT: number = process.env.PORT ? parseInt(process.env.PORT) : 5000;\r\n\u001b[7m \u001b[0m \u001b[91m                                    ~~~~\u001b[0m\r\n\u001b[96msrc/utils/variables/Env.ts\u001b[0m:\u001b[93m7\u001b[0m:\u001b[93m65\u001b[0m - \u001b[91merror\u001b[0m\u001b[90m TS4111: \u001b[0mProperty 'PORT' comes from an index signature, so it must be accessed with ['PORT'].\r\n\r\n\u001b[7m7\u001b[0m   static PORT: number = process.env.PORT ? parseInt(process.env.PORT) : 5000;\r\n\u001b[7m \u001b[0m \u001b[91m                                                                ~~~~\u001b[0m\r\n\u001b[96msrc/utils/variables/Env.ts\u001b[0m:\u001b[93m8\u001b[0m:\u001b[93m41\u001b[0m - \u001b[91merror\u001b[0m\u001b[90m TS4111: \u001b[0mProperty 'DATABASE' comes from an index signature, so it must be accessed with ['DATABASE'].\r\n\r\n\u001b[7m8\u001b[0m   static DATABASE: string = process.env.DATABASE || \"localhost\";\r\n\u001b[7m \u001b[0m \u001b[91m                                        ~~~~~~~~\u001b[0m\r\n\u001b[96msrc/utils/variables/Env.ts\u001b[0m:\u001b[93m9\u001b[0m:\u001b[93m50\u001b[0m - \u001b[91merror\u001b[0m\u001b[90m TS4111: \u001b[0mProperty 'DATABASE_PASSWORD' comes from an index signature, so it must be accessed with ['DATABASE_PASSWORD'].\r\n\r\n\u001b[7m9\u001b[0m   static DATABASE_PASSWORD: string = process.env.DATABASE_PASSWORD || \"ga ada\";\r\n\u001b[7m \u001b[0m \u001b[91m                                                 ~~~~~~~~~~~~~~~~~\u001b[0m\r\n\n    at createTSError (D:\\Habib Folder\\01 - DW stage 2\\14 - The Acupunture Needs\\TAN-Backend\\node_modules\\ts-node\\src\\index.ts:859:12)\n    at reportTSError (D:\\Habib Folder\\01 - DW stage 2\\14 - The Acupunture Needs\\TAN-Backend\\node_modules\\ts-node\\src\\index.ts:863:19)\n    at getOutput (D:\\Habib Folder\\01 - DW stage 2\\14 - The Acupunture Needs\\TAN-Backend\\node_modules\\ts-node\\src\\index.ts:1077:36)\n    at Object.compile (D:\\Habib Folder\\01 - DW stage 2\\14 - The Acupunture Needs\\TAN-Backend\\node_modules\\ts-node\\src\\index.ts:1433:41)\n    at Module.m._compile (D:\\Habib Folder\\01 - DW stage 2\\14 - The Acupunture Needs\\TAN-Backend\\node_modules\\ts-node\\src\\index.ts:1617:30)\n    at Module._extensions..js (node:internal/modules/cjs/loader:1310:10)\n    at Object.require.extensions.<computed> [as .ts] (D:\\Habib Folder\\01 - DW stage 2\\14 - The Acupunture Needs\\TAN-Backend\\node_modules\\ts-node\\src\\index.ts:1621:12)\n    at Module.load (node:internal/modules/cjs/loader:1119:32)\n    at Function.Module._load (node:internal/modules/cjs/loader:960:12)\n    at Module.require (node:internal/modules/cjs/loader:1143:19)",
    "os": {
        "loadavg": [
            0,
            0,
            0
        ],
        "uptime": 4287.296
    },
    "process": {
        "argv": [
            "D:\\Habib Folder\\01 - DW stage 2\\14 - The Acupunture Needs\\TAN-Backend\\node_modules\\ts-node\\dist\\bin.js",
            "D:\\Habib Folder\\01 - DW stage 2\\14 - The Acupunture Needs\\TAN-Backend\\src\\server.ts"
        ],
        "cwd": "D:\\Habib Folder\\01 - DW stage 2\\14 - The Acupunture Needs\\TAN-Backend",
        "execPath": "C:\\Program Files\\nodejs\\node.exe",
        "gid": null,
        "memoryUsage": {
            "arrayBuffers": 20787074,
            "external": 23852305,
            "heapTotal": 229502976,
            "heapUsed": 196213336,
            "rss": 273940480
        },
        "pid": 7248,
        "uid": null,
        "version": "v18.17.1"
    },
    "stack": "TSError: ⨯ Unable to compile TypeScript:\n\u001b[96msrc/utils/variables/Env.ts\u001b[0m:\u001b[93m6\u001b[0m:\u001b[93m41\u001b[0m - \u001b[91merror\u001b[0m\u001b[90m TS4111: \u001b[0mProperty 'NODE_ENV' comes from an index signature, so it must be accessed with ['NODE_ENV'].\r\n\r\n\u001b[7m6\u001b[0m   static NODE_ENV: string = process.env.NODE_ENV || \"production\";\r\n\u001b[7m \u001b[0m \u001b[91m                                        ~~~~~~~~\u001b[0m\r\n\u001b[96msrc/utils/variables/Env.ts\u001b[0m:\u001b[93m7\u001b[0m:\u001b[93m37\u001b[0m - \u001b[91merror\u001b[0m\u001b[90m TS4111: \u001b[0mProperty 'PORT' comes from an index signature, so it must be accessed with ['PORT'].\r\n\r\n\u001b[7m7\u001b[0m   static PORT: number = process.env.PORT ? parseInt(process.env.PORT) : 5000;\r\n\u001b[7m \u001b[0m \u001b[91m                                    ~~~~\u001b[0m\r\n\u001b[96msrc/utils/variables/Env.ts\u001b[0m:\u001b[93m7\u001b[0m:\u001b[93m65\u001b[0m - \u001b[91merror\u001b[0m\u001b[90m TS4111: \u001b[0mProperty 'PORT' comes from an index signature, so it must be accessed with ['PORT'].\r\n\r\n\u001b[7m7\u001b[0m   static PORT: number = process.env.PORT ? parseInt(process.env.PORT) : 5000;\r\n\u001b[7m \u001b[0m \u001b[91m                                                                ~~~~\u001b[0m\r\n\u001b[96msrc/utils/variables/Env.ts\u001b[0m:\u001b[93m8\u001b[0m:\u001b[93m41\u001b[0m - \u001b[91merror\u001b[0m\u001b[90m TS4111: \u001b[0mProperty 'DATABASE' comes from an index signature, so it must be accessed with ['DATABASE'].\r\n\r\n\u001b[7m8\u001b[0m   static DATABASE: string = process.env.DATABASE || \"localhost\";\r\n\u001b[7m \u001b[0m \u001b[91m                                        ~~~~~~~~\u001b[0m\r\n\u001b[96msrc/utils/variables/Env.ts\u001b[0m:\u001b[93m9\u001b[0m:\u001b[93m50\u001b[0m - \u001b[91merror\u001b[0m\u001b[90m TS4111: \u001b[0mProperty 'DATABASE_PASSWORD' comes from an index signature, so it must be accessed with ['DATABASE_PASSWORD'].\r\n\r\n\u001b[7m9\u001b[0m   static DATABASE_PASSWORD: string = process.env.DATABASE_PASSWORD || \"ga ada\";\r\n\u001b[7m \u001b[0m \u001b[91m                                                 ~~~~~~~~~~~~~~~~~\u001b[0m\r\n\n    at createTSError (D:\\Habib Folder\\01 - DW stage 2\\14 - The Acupunture Needs\\TAN-Backend\\node_modules\\ts-node\\src\\index.ts:859:12)\n    at reportTSError (D:\\Habib Folder\\01 - DW stage 2\\14 - The Acupunture Needs\\TAN-Backend\\node_modules\\ts-node\\src\\index.ts:863:19)\n    at getOutput (D:\\Habib Folder\\01 - DW stage 2\\14 - The Acupunture Needs\\TAN-Backend\\node_modules\\ts-node\\src\\index.ts:1077:36)\n    at Object.compile (D:\\Habib Folder\\01 - DW stage 2\\14 - The Acupunture Needs\\TAN-Backend\\node_modules\\ts-node\\src\\index.ts:1433:41)\n    at Module.m._compile (D:\\Habib Folder\\01 - DW stage 2\\14 - The Acupunture Needs\\TAN-Backend\\node_modules\\ts-node\\src\\index.ts:1617:30)\n    at Module._extensions..js (node:internal/modules/cjs/loader:1310:10)\n    at Object.require.extensions.<computed> [as .ts] (D:\\Habib Folder\\01 - DW stage 2\\14 - The Acupunture Needs\\TAN-Backend\\node_modules\\ts-node\\src\\index.ts:1621:12)\n    at Module.load (node:internal/modules/cjs/loader:1119:32)\n    at Function.Module._load (node:internal/modules/cjs/loader:960:12)\n    at Module.require (node:internal/modules/cjs/loader:1143:19)",
    "timestamp": "2023-12-14 08:09:32",
    "trace": [
        {
            "column": 12,
            "file": "D:\\Habib Folder\\01 - DW stage 2\\14 - The Acupunture Needs\\TAN-Backend\\node_modules\\ts-node\\src\\index.ts",
            "function": "createTSError",
            "line": 859,
            "method": null,
            "native": false
        },
        {
            "column": 19,
            "file": "D:\\Habib Folder\\01 - DW stage 2\\14 - The Acupunture Needs\\TAN-Backend\\node_modules\\ts-node\\src\\index.ts",
            "function": "reportTSError",
            "line": 863,
            "method": null,
            "native": false
        },
        {
            "column": 36,
            "file": "D:\\Habib Folder\\01 - DW stage 2\\14 - The Acupunture Needs\\TAN-Backend\\node_modules\\ts-node\\src\\index.ts",
            "function": "getOutput",
            "line": 1077,
            "method": null,
            "native": false
        },
        {
            "column": 41,
            "file": "D:\\Habib Folder\\01 - DW stage 2\\14 - The Acupunture Needs\\TAN-Backend\\node_modules\\ts-node\\src\\index.ts",
            "function": "Object.compile",
            "line": 1433,
            "method": "compile",
            "native": false
        },
        {
            "column": 30,
            "file": "D:\\Habib Folder\\01 - DW stage 2\\14 - The Acupunture Needs\\TAN-Backend\\node_modules\\ts-node\\src\\index.ts",
            "function": "Module.m._compile",
            "line": 1617,
            "method": "_compile",
            "native": false
        },
        {
            "column": 10,
            "file": "node:internal/modules/cjs/loader",
            "function": "Module._extensions..js",
            "line": 1310,
            "method": ".js",
            "native": false
        },
        {
            "column": 12,
            "file": "D:\\Habib Folder\\01 - DW stage 2\\14 - The Acupunture Needs\\TAN-Backend\\node_modules\\ts-node\\src\\index.ts",
            "function": "Object.require.extensions.<computed> [as .ts]",
            "line": 1621,
            "method": "ts]",
            "native": false
        },
        {
            "column": 32,
            "file": "node:internal/modules/cjs/loader",
            "function": "Module.load",
            "line": 1119,
            "method": "load",
            "native": false
        },
        {
            "column": 12,
            "file": "node:internal/modules/cjs/loader",
            "function": "Module._load",
            "line": 960,
            "method": "_load",
            "native": false
        },
        {
            "column": 19,
            "file": "node:internal/modules/cjs/loader",
            "function": "Module.require",
            "line": 1143,
            "method": "require",
            "native": false
        }
    ]
}
